{"/home/travis/build/npmtest/node-npmtest-zerorpc/test.js":{"path":"/home/travis/build/npmtest/node-npmtest-zerorpc/test.js","s":{"1":2,"2":2,"3":2,"4":2,"5":2,"6":2,"7":2,"8":1,"9":2,"10":2,"11":1,"12":1,"13":1,"14":1,"15":2,"16":2,"17":2,"18":2,"19":1,"20":1,"21":2,"22":2,"23":2,"24":1,"25":1,"26":1,"27":1,"28":1,"29":1,"30":1,"31":1,"32":1,"33":1,"34":1,"35":1,"36":1,"37":1,"38":1,"39":2,"40":2,"41":1,"42":2,"43":2,"44":1,"45":2,"46":2,"47":1,"48":2,"49":2,"50":1,"51":1,"52":1,"53":1,"54":1},"b":{"1":[2,1,1,1],"2":[1,1,1,1],"3":[1,1],"4":[1,1],"5":[1,1],"6":[1,1],"7":[1,1],"8":[1,1],"9":[1,1],"10":[1,1,1],"11":[1,1],"12":[1,1],"13":[1,1],"14":[1,1],"15":[1,1],"16":[1,1],"17":[1,1]},"f":{"1":2,"2":2,"3":2,"4":2,"5":2,"6":1,"7":1,"8":1,"9":2,"10":2,"11":2,"12":2,"13":1},"fnMap":{"1":{"name":"(anonymous_1)","line":12,"loc":{"start":{"line":12,"column":1},"end":{"line":12,"column":13}}},"2":{"name":"(anonymous_2)","line":19,"loc":{"start":{"line":19,"column":5},"end":{"line":19,"column":17}}},"3":{"name":"(anonymous_3)","line":23,"loc":{"start":{"line":23,"column":24},"end":{"line":23,"column":36}}},"4":{"name":"(anonymous_4)","line":61,"loc":{"start":{"line":61,"column":5},"end":{"line":61,"column":17}}},"5":{"name":"(anonymous_5)","line":82,"loc":{"start":{"line":82,"column":5},"end":{"line":82,"column":17}}},"6":{"name":"(anonymous_6)","line":91,"loc":{"start":{"line":91,"column":77},"end":{"line":94,"column":10}}},"7":{"name":"(anonymous_7)","line":112,"loc":{"start":{"line":112,"column":83},"end":{"line":115,"column":10}},"skip":true},"8":{"name":"(anonymous_8)","line":123,"loc":{"start":{"line":123,"column":77},"end":{"line":126,"column":10}},"skip":true},"9":{"name":"(anonymous_9)","line":139,"loc":{"start":{"line":139,"column":12},"end":{"line":139,"column":40}},"skip":true},"10":{"name":"(anonymous_10)","line":147,"loc":{"start":{"line":147,"column":77},"end":{"line":150,"column":10}},"skip":true},"11":{"name":"(anonymous_11)","line":158,"loc":{"start":{"line":158,"column":83},"end":{"line":161,"column":10}},"skip":true},"12":{"name":"(anonymous_12)","line":169,"loc":{"start":{"line":169,"column":79},"end":{"line":172,"column":10}},"skip":true},"13":{"name":"(anonymous_13)","line":180,"loc":{"start":{"line":180,"column":75},"end":{"line":183,"column":10}},"skip":true}},"statementMap":{"1":{"start":{"line":12,"column":0},"end":{"line":195,"column":5}},"2":{"start":{"line":14,"column":4},"end":{"line":14,"column":14}},"3":{"start":{"line":19,"column":4},"end":{"line":56,"column":9}},"4":{"start":{"line":21,"column":8},"end":{"line":21,"column":19}},"5":{"start":{"line":23,"column":8},"end":{"line":35,"column":13}},"6":{"start":{"line":24,"column":12},"end":{"line":34,"column":13}},"7":{"start":{"line":25,"column":16},"end":{"line":28,"column":30}},"8":{"start":{"line":30,"column":16},"end":{"line":33,"column":27}},"9":{"start":{"line":37,"column":8},"end":{"line":39,"column":21}},"10":{"start":{"line":40,"column":8},"end":{"line":53,"column":9}},"11":{"start":{"line":43,"column":12},"end":{"line":46,"column":14}},"12":{"start":{"line":47,"column":12},"end":{"line":47,"column":18}},"13":{"start":{"line":50,"column":12},"end":{"line":51,"column":33}},"14":{"start":{"line":52,"column":12},"end":{"line":52,"column":18}},"15":{"start":{"line":55,"column":8},"end":{"line":55,"column":35}},"16":{"start":{"line":61,"column":4},"end":{"line":63,"column":9}},"17":{"start":{"line":62,"column":8},"end":{"line":62,"column":15}},"18":{"start":{"line":64,"column":4},"end":{"line":77,"column":5}},"19":{"start":{"line":70,"column":8},"end":{"line":70,"column":14}},"20":{"start":{"line":76,"column":8},"end":{"line":76,"column":14}},"21":{"start":{"line":82,"column":4},"end":{"line":84,"column":9}},"22":{"start":{"line":83,"column":8},"end":{"line":83,"column":15}},"23":{"start":{"line":85,"column":4},"end":{"line":194,"column":5}},"24":{"start":{"line":91,"column":8},"end":{"line":99,"column":10}},"25":{"start":{"line":98,"column":12},"end":{"line":98,"column":35}},"26":{"start":{"line":102,"column":8},"end":{"line":104,"column":63}},"27":{"start":{"line":105,"column":8},"end":{"line":105,"column":14}},"28":{"start":{"line":112,"column":8},"end":{"line":121,"column":10},"skip":true},"29":{"start":{"line":119,"column":12},"end":{"line":119,"column":55},"skip":true},"30":{"start":{"line":120,"column":12},"end":{"line":120,"column":48},"skip":true},"31":{"start":{"line":123,"column":8},"end":{"line":136,"column":10},"skip":true},"32":{"start":{"line":130,"column":12},"end":{"line":130,"column":76},"skip":true},"33":{"start":{"line":131,"column":12},"end":{"line":131,"column":73},"skip":true},"34":{"start":{"line":132,"column":12},"end":{"line":132,"column":74},"skip":true},"35":{"start":{"line":133,"column":12},"end":{"line":133,"column":79},"skip":true},"36":{"start":{"line":134,"column":12},"end":{"line":134,"column":25},"skip":true},"37":{"start":{"line":135,"column":12},"end":{"line":135,"column":45},"skip":true},"38":{"start":{"line":138,"column":8},"end":{"line":145,"column":14},"skip":true},"39":{"start":{"line":143,"column":16},"end":{"line":143,"column":29},"skip":true},"40":{"start":{"line":144,"column":16},"end":{"line":144,"column":55},"skip":true},"41":{"start":{"line":147,"column":8},"end":{"line":156,"column":10},"skip":true},"42":{"start":{"line":154,"column":12},"end":{"line":154,"column":25},"skip":true},"43":{"start":{"line":155,"column":12},"end":{"line":155,"column":45},"skip":true},"44":{"start":{"line":158,"column":8},"end":{"line":167,"column":10},"skip":true},"45":{"start":{"line":165,"column":12},"end":{"line":165,"column":25},"skip":true},"46":{"start":{"line":166,"column":12},"end":{"line":166,"column":48},"skip":true},"47":{"start":{"line":169,"column":8},"end":{"line":178,"column":10},"skip":true},"48":{"start":{"line":176,"column":12},"end":{"line":176,"column":25},"skip":true},"49":{"start":{"line":177,"column":12},"end":{"line":177,"column":46},"skip":true},"50":{"start":{"line":180,"column":8},"end":{"line":189,"column":10},"skip":true},"51":{"start":{"line":187,"column":12},"end":{"line":187,"column":94},"skip":true},"52":{"start":{"line":188,"column":12},"end":{"line":188,"column":48},"skip":true},"53":{"start":{"line":192,"column":8},"end":{"line":192,"column":35},"skip":true},"54":{"start":{"line":193,"column":8},"end":{"line":193,"column":14},"skip":true}},"branchMap":{"1":{"line":25,"type":"binary-expr","locations":[{"start":{"line":25,"column":23},"end":{"line":25,"column":62}},{"start":{"line":26,"column":20},"end":{"line":26,"column":70}},{"start":{"line":27,"column":20},"end":{"line":27,"column":71}},{"start":{"line":28,"column":20},"end":{"line":28,"column":29}}]},"2":{"line":30,"type":"binary-expr","locations":[{"start":{"line":30,"column":23},"end":{"line":30,"column":37}},{"start":{"line":31,"column":20},"end":{"line":31,"column":61}},{"start":{"line":32,"column":20},"end":{"line":32,"column":70}},{"start":{"line":33,"column":20},"end":{"line":33,"column":26}}]},"3":{"line":37,"type":"cond-expr","locations":[{"start":{"line":38,"column":14},"end":{"line":38,"column":20}},{"start":{"line":39,"column":14},"end":{"line":39,"column":20}}]},"4":{"line":40,"type":"switch","locations":[{"start":{"line":42,"column":8},"end":{"line":47,"column":18}},{"start":{"line":49,"column":8},"end":{"line":52,"column":18}}]},"5":{"line":44,"type":"binary-expr","locations":[{"start":{"line":44,"column":16},"end":{"line":44,"column":44}},{"start":{"line":44,"column":48},"end":{"line":44,"column":66}}]},"6":{"line":50,"type":"binary-expr","locations":[{"start":{"line":50,"column":21},"end":{"line":50,"column":49}},{"start":{"line":50,"column":53},"end":{"line":50,"column":72}}]},"7":{"line":64,"type":"switch","locations":[{"start":{"line":69,"column":4},"end":{"line":70,"column":14}},{"start":{"line":75,"column":4},"end":{"line":76,"column":14}}]},"8":{"line":85,"type":"switch","locations":[{"start":{"line":90,"column":4},"end":{"line":105,"column":14}},{"start":{"line":111,"column":4},"end":{"line":193,"column":14},"skip":true}]},"9":{"line":91,"type":"binary-expr","locations":[{"start":{"line":91,"column":42},"end":{"line":91,"column":73}},{"start":{"line":91,"column":77},"end":{"line":99,"column":9}}]},"10":{"line":102,"type":"binary-expr","locations":[{"start":{"line":102,"column":18},"end":{"line":102,"column":32}},{"start":{"line":103,"column":12},"end":{"line":103,"column":53}},{"start":{"line":104,"column":12},"end":{"line":104,"column":61}}]},"11":{"line":112,"type":"binary-expr","locations":[{"start":{"line":112,"column":45},"end":{"line":112,"column":79},"skip":true},{"start":{"line":112,"column":83},"end":{"line":121,"column":9},"skip":true}]},"12":{"line":123,"type":"binary-expr","locations":[{"start":{"line":123,"column":42},"end":{"line":123,"column":73},"skip":true},{"start":{"line":123,"column":77},"end":{"line":136,"column":9},"skip":true}]},"13":{"line":138,"type":"binary-expr","locations":[{"start":{"line":138,"column":48},"end":{"line":138,"column":85},"skip":true},{"start":{"line":139,"column":12},"end":{"line":145,"column":13},"skip":true}]},"14":{"line":147,"type":"binary-expr","locations":[{"start":{"line":147,"column":42},"end":{"line":147,"column":73},"skip":true},{"start":{"line":147,"column":77},"end":{"line":156,"column":9},"skip":true}]},"15":{"line":158,"type":"binary-expr","locations":[{"start":{"line":158,"column":45},"end":{"line":158,"column":79},"skip":true},{"start":{"line":158,"column":83},"end":{"line":167,"column":9},"skip":true}]},"16":{"line":169,"type":"binary-expr","locations":[{"start":{"line":169,"column":43},"end":{"line":169,"column":75},"skip":true},{"start":{"line":169,"column":79},"end":{"line":178,"column":9},"skip":true}]},"17":{"line":180,"type":"binary-expr","locations":[{"start":{"line":180,"column":41},"end":{"line":180,"column":71},"skip":true},{"start":{"line":180,"column":75},"end":{"line":189,"column":9},"skip":true}]}},"code":["/* istanbul instrument in package npmtest_zerorpc */","/*jslint","    bitwise: true,","    browser: true,","    maxerr: 8,","    maxlen: 96,","    node: true,","    nomen: true,","    regexp: true,","    stupid: true","*/","(function () {","    'use strict';","    var local;","","","","    // run shared js-env code - pre-init","    (function () {","        // init local","        local = {};","        // init modeJs","        local.modeJs = (function () {","            try {","                return typeof navigator.userAgent === 'string' &&","                    typeof document.querySelector('body') === 'object' &&","                    typeof XMLHttpRequest.prototype.open === 'function' &&","                    'browser';","            } catch (errorCaughtBrowser) {","                return module.exports &&","                    typeof process.versions.node === 'string' &&","                    typeof require('http').createServer === 'function' &&","                    'node';","            }","        }());","        // init global","        local.global = local.modeJs === 'browser'","            ? window","            : global;","        switch (local.modeJs) {","        // re-init local from window.local","        case 'browser':","            local = local.global.utility2.objectSetDefault(","                local.global.utility2_rollup || local.global.local,","                local.global.utility2","            );","            break;","        // re-init local from example.js","        case 'node':","            local = (local.global.utility2_rollup || require('utility2'))","                .requireReadme();","            break;","        }","        // export local","        local.global.local = local;","    }());","","","","    // run shared js-env code - function","    (function () {","        return;","    }());","    switch (local.modeJs) {","","","","    // run browser js-env code - function","    case 'browser':","        break;","","","","    // run node js-env code - function","    case 'node':","        break;","    }","","","","    // run shared js-env code - post-init","    (function () {","        return;","    }());","    switch (local.modeJs) {","","","","    // run browser js-env code - post-init","    case 'browser':","        local.testCase_browser_nullCase = local.testCase_browser_nullCase || function (","            options,","            onError","        ) {","        /*","         * this function will test browsers's null-case handling-behavior-behavior","         */","            onError(null, options);","        };","","        // run tests","        local.nop(local.modeTest &&","            document.querySelector('#testRunButton1') &&","            document.querySelector('#testRunButton1').click());","        break;","","","","    // run node js-env code - post-init","    /* istanbul ignore next */","    case 'node':","        local.testCase_buildApidoc_default = local.testCase_buildApidoc_default || function (","            options,","            onError","        ) {","        /*","         * this function will test buildApidoc's default handling-behavior-behavior","         */","            options = { modulePathList: module.paths };","            local.buildApidoc(options, onError);","        };","","        local.testCase_buildApp_default = local.testCase_buildApp_default || function (","            options,","            onError","        ) {","        /*","         * this function will test buildApp's default handling-behavior-behavior","         */","            local.testCase_buildReadme_default(options, local.onErrorThrow);","            local.testCase_buildLib_default(options, local.onErrorThrow);","            local.testCase_buildTest_default(options, local.onErrorThrow);","            local.testCase_buildCustomOrg_default(options, local.onErrorThrow);","            options = [];","            local.buildApp(options, onError);","        };","","        local.testCase_buildCustomOrg_default = local.testCase_buildCustomOrg_default ||","            function (options, onError) {","            /*","             * this function will test buildCustomOrg's default handling-behavior","             */","                options = {};","                local.buildCustomOrg(options, onError);","            };","","        local.testCase_buildLib_default = local.testCase_buildLib_default || function (","            options,","            onError","        ) {","        /*","         * this function will test buildLib's default handling-behavior","         */","            options = {};","            local.buildLib(options, onError);","        };","","        local.testCase_buildReadme_default = local.testCase_buildReadme_default || function (","            options,","            onError","        ) {","        /*","         * this function will test buildReadme's default handling-behavior-behavior","         */","            options = {};","            local.buildReadme(options, onError);","        };","","        local.testCase_buildTest_default = local.testCase_buildTest_default || function (","            options,","            onError","        ) {","        /*","         * this function will test buildTest's default handling-behavior","         */","            options = {};","            local.buildTest(options, onError);","        };","","        local.testCase_webpage_default = local.testCase_webpage_default || function (","            options,","            onError","        ) {","        /*","         * this function will test webpage's default handling-behavior","         */","            options = { modeCoverageMerge: true, url: local.serverLocalHost + '?modeTest=1' };","            local.browserTest(options, onError);","        };","","        // run test-server","        local.testRunServer(local);","        break;","    }","}());",""],"l":{"12":2,"14":2,"19":2,"21":2,"23":2,"24":2,"25":2,"30":1,"37":2,"40":2,"43":1,"47":1,"50":1,"52":1,"55":2,"61":2,"62":2,"64":2,"70":1,"76":1,"82":2,"83":2,"85":2,"91":1,"98":1,"102":1,"105":1,"112":1,"119":1,"120":1,"123":1,"130":1,"131":1,"132":1,"133":1,"134":1,"135":1,"138":1,"143":2,"144":2,"147":1,"154":2,"155":2,"158":1,"165":2,"166":2,"169":1,"176":2,"177":2,"180":1,"187":1,"188":1,"192":1,"193":1}},"/home/travis/build/npmtest/node-npmtest-zerorpc/lib.npmtest_zerorpc.js":{"path":"/home/travis/build/npmtest/node-npmtest-zerorpc/lib.npmtest_zerorpc.js","s":{"1":2,"2":2,"3":2,"4":2,"5":2,"6":2,"7":2,"8":1,"9":2,"10":2,"11":2,"12":2,"13":1,"14":1,"15":1,"16":1},"b":{"1":[2,1,1,1],"2":[1,1,1,1],"3":[1,1],"4":[2,2],"5":[1,1]},"f":{"1":2,"2":2,"3":2},"fnMap":{"1":{"name":"(anonymous_1)","line":12,"loc":{"start":{"line":12,"column":1},"end":{"line":12,"column":13}}},"2":{"name":"(anonymous_2)","line":19,"loc":{"start":{"line":19,"column":5},"end":{"line":19,"column":17}}},"3":{"name":"(anonymous_3)","line":23,"loc":{"start":{"line":23,"column":24},"end":{"line":23,"column":36}}}},"statementMap":{"1":{"start":{"line":12,"column":0},"end":{"line":53,"column":5}},"2":{"start":{"line":14,"column":4},"end":{"line":14,"column":14}},"3":{"start":{"line":19,"column":4},"end":{"line":52,"column":9}},"4":{"start":{"line":21,"column":8},"end":{"line":21,"column":19}},"5":{"start":{"line":23,"column":8},"end":{"line":35,"column":13}},"6":{"start":{"line":24,"column":12},"end":{"line":34,"column":13}},"7":{"start":{"line":25,"column":16},"end":{"line":28,"column":30}},"8":{"start":{"line":30,"column":16},"end":{"line":33,"column":27}},"9":{"start":{"line":37,"column":8},"end":{"line":39,"column":21}},"10":{"start":{"line":41,"column":8},"end":{"line":41,"column":54}},"11":{"start":{"line":43,"column":8},"end":{"line":43,"column":52}},"12":{"start":{"line":45,"column":8},"end":{"line":51,"column":9}},"13":{"start":{"line":46,"column":12},"end":{"line":46,"column":58}},"14":{"start":{"line":48,"column":12},"end":{"line":48,"column":35}},"15":{"start":{"line":49,"column":12},"end":{"line":49,"column":49}},"16":{"start":{"line":50,"column":12},"end":{"line":50,"column":43}}},"branchMap":{"1":{"line":25,"type":"binary-expr","locations":[{"start":{"line":25,"column":23},"end":{"line":25,"column":62}},{"start":{"line":26,"column":20},"end":{"line":26,"column":70}},{"start":{"line":27,"column":20},"end":{"line":27,"column":71}},{"start":{"line":28,"column":20},"end":{"line":28,"column":29}}]},"2":{"line":30,"type":"binary-expr","locations":[{"start":{"line":30,"column":23},"end":{"line":30,"column":37}},{"start":{"line":31,"column":20},"end":{"line":31,"column":61}},{"start":{"line":32,"column":20},"end":{"line":32,"column":70}},{"start":{"line":33,"column":20},"end":{"line":33,"column":26}}]},"3":{"line":37,"type":"cond-expr","locations":[{"start":{"line":38,"column":14},"end":{"line":38,"column":20}},{"start":{"line":39,"column":14},"end":{"line":39,"column":20}}]},"4":{"line":41,"type":"binary-expr","locations":[{"start":{"line":41,"column":16},"end":{"line":41,"column":44}},{"start":{"line":41,"column":48},"end":{"line":41,"column":53}}]},"5":{"line":45,"type":"if","locations":[{"start":{"line":45,"column":8},"end":{"line":45,"column":8}},{"start":{"line":45,"column":8},"end":{"line":45,"column":8}}]}},"code":["/* istanbul instrument in package npmtest_zerorpc */","/*jslint","    bitwise: true,","    browser: true,","    maxerr: 8,","    maxlen: 96,","    node: true,","    nomen: true,","    regexp: true,","    stupid: true","*/","(function () {","    'use strict';","    var local;","","","","    // run shared js-env code - pre-init","    (function () {","        // init local","        local = {};","        // init modeJs","        local.modeJs = (function () {","            try {","                return typeof navigator.userAgent === 'string' &&","                    typeof document.querySelector('body') === 'object' &&","                    typeof XMLHttpRequest.prototype.open === 'function' &&","                    'browser';","            } catch (errorCaughtBrowser) {","                return module.exports &&","                    typeof process.versions.node === 'string' &&","                    typeof require('http').createServer === 'function' &&","                    'node';","            }","        }());","        // init global","        local.global = local.modeJs === 'browser'","            ? window","            : global;","        // init utility2_rollup","        local = local.global.utility2_rollup || local;","        // init lib","        local.local = local.npmtest_zerorpc = local;","        // init exports","        if (local.modeJs === 'browser') {","            local.global.utility2_npmtest_zerorpc = local;","        } else {","            module.exports = local;","            module.exports.__dirname = __dirname;","            module.exports.module = module;","        }","    }());","}());",""],"l":{"12":2,"14":2,"19":2,"21":2,"23":2,"24":2,"25":2,"30":1,"37":2,"41":2,"43":2,"45":2,"46":1,"48":1,"49":1,"50":1}},"/home/travis/build/npmtest/node-npmtest-zerorpc/example.js":{"path":"/home/travis/build/npmtest/node-npmtest-zerorpc/example.js","s":{"1":2,"2":2,"3":2,"4":2,"5":2,"6":2,"7":2,"8":1,"9":2,"10":2,"11":2,"12":2,"13":1,"14":2,"15":2,"16":2,"17":2,"18":2,"19":0,"20":2,"21":1,"22":1,"23":1,"24":1,"25":1,"26":0,"27":0,"28":1,"29":1,"30":2,"31":0,"32":0,"33":0,"34":1,"35":2,"36":2,"37":3,"38":3,"39":3,"40":3,"41":0,"42":3,"43":3,"44":3,"45":1,"46":3,"47":1,"48":1,"49":1,"50":1,"51":1,"52":1,"53":1,"54":1,"55":1,"56":1,"57":0,"58":1,"59":6,"60":6,"61":1,"62":2,"63":0,"64":2,"65":1,"66":1,"67":0,"68":0,"69":0,"70":0,"71":0,"72":0,"73":0,"74":0,"75":0,"76":0,"77":0,"78":0,"79":0,"80":0,"81":0,"82":0,"83":0},"b":{"1":[2,1,1,1],"2":[1,1,1,1],"3":[1,1],"4":[2,2],"5":[1,1],"6":[1,1],"7":[2,0],"8":[2,1,1,1,1,1],"9":[0,2,0],"10":[1,1],"11":[2,1,1],"12":[1,0],"13":[0,2],"14":[2,0,0,0,0,0,0],"15":[0,3],"16":[3,0],"17":[1,1],"18":[0,1],"19":[1,2,0,2],"20":[1,0],"21":[1,1],"22":[0,0],"23":[0,0],"24":[0,0],"25":[0,0],"26":[0,0],"27":[0,0],"28":[0,0]},"f":{"1":2,"2":2,"3":2,"4":2,"5":2,"6":2,"7":3,"8":3,"9":3,"10":1,"11":6,"12":0},"fnMap":{"1":{"name":"(anonymous_1)","line":26,"loc":{"start":{"line":26,"column":1},"end":{"line":26,"column":13}}},"2":{"name":"(anonymous_2)","line":33,"loc":{"start":{"line":33,"column":5},"end":{"line":33,"column":17}}},"3":{"name":"(anonymous_3)","line":37,"loc":{"start":{"line":37,"column":24},"end":{"line":37,"column":36}}},"4":{"name":"(anonymous_4)","line":69,"loc":{"start":{"line":69,"column":31},"end":{"line":69,"column":48}},"skip":true},"5":{"name":"(anonymous_5)","line":78,"loc":{"start":{"line":78,"column":26},"end":{"line":78,"column":45}},"skip":true},"6":{"name":"(anonymous_6)","line":123,"loc":{"start":{"line":123,"column":33},"end":{"line":123,"column":48}},"skip":true},"7":{"name":"(anonymous_7)","line":125,"loc":{"start":{"line":125,"column":27},"end":{"line":125,"column":39}},"skip":true},"8":{"name":"(anonymous_8)","line":133,"loc":{"start":{"line":133,"column":59},"end":{"line":133,"column":74}},"skip":true},"9":{"name":"(anonymous_9)","line":143,"loc":{"start":{"line":143,"column":45},"end":{"line":143,"column":62}},"skip":true},"10":{"name":"(anonymous_10)","line":144,"loc":{"start":{"line":144,"column":73},"end":{"line":144,"column":92}},"skip":true},"11":{"name":"(anonymous_11)","line":272,"loc":{"start":{"line":272,"column":51},"end":{"line":272,"column":77}},"skip":true},"12":{"name":"(anonymous_12)","line":315,"loc":{"start":{"line":315,"column":32},"end":{"line":315,"column":61}},"skip":true}},"statementMap":{"1":{"start":{"line":26,"column":0},"end":{"line":326,"column":5}},"2":{"start":{"line":28,"column":4},"end":{"line":28,"column":14}},"3":{"start":{"line":33,"column":4},"end":{"line":60,"column":9}},"4":{"start":{"line":35,"column":8},"end":{"line":35,"column":19}},"5":{"start":{"line":37,"column":8},"end":{"line":49,"column":13}},"6":{"start":{"line":38,"column":12},"end":{"line":48,"column":13}},"7":{"start":{"line":39,"column":16},"end":{"line":42,"column":30}},"8":{"start":{"line":44,"column":16},"end":{"line":47,"column":27}},"9":{"start":{"line":51,"column":8},"end":{"line":53,"column":21}},"10":{"start":{"line":55,"column":8},"end":{"line":57,"column":45}},"11":{"start":{"line":59,"column":8},"end":{"line":59,"column":35}},"12":{"start":{"line":61,"column":4},"end":{"line":325,"column":5}},"13":{"start":{"line":69,"column":8},"end":{"line":121,"column":10},"skip":true},"14":{"start":{"line":70,"column":12},"end":{"line":88,"column":13},"skip":true},"15":{"start":{"line":76,"column":16},"end":{"line":87,"column":19},"skip":true},"16":{"start":{"line":79,"column":20},"end":{"line":86,"column":21},"skip":true},"17":{"start":{"line":82,"column":24},"end":{"line":82,"column":43},"skip":true},"18":{"start":{"line":83,"column":24},"end":{"line":83,"column":30},"skip":true},"19":{"start":{"line":85,"column":24},"end":{"line":85,"column":49},"skip":true},"20":{"start":{"line":89,"column":12},"end":{"line":107,"column":13},"skip":true},"21":{"start":{"line":92,"column":16},"end":{"line":102,"column":17},"skip":true},"22":{"start":{"line":93,"column":20},"end":{"line":93,"column":86},"skip":true},"23":{"start":{"line":94,"column":20},"end":{"line":95,"column":45},"skip":true},"24":{"start":{"line":96,"column":20},"end":{"line":96,"column":42},"skip":true},"25":{"start":{"line":97,"column":20},"end":{"line":97,"column":48},"skip":true},"26":{"start":{"line":100,"column":20},"end":{"line":100,"column":85},"skip":true},"27":{"start":{"line":101,"column":20},"end":{"line":101,"column":96},"skip":true},"28":{"start":{"line":103,"column":16},"end":{"line":103,"column":22},"skip":true},"29":{"start":{"line":106,"column":16},"end":{"line":106,"column":22},"skip":true},"30":{"start":{"line":108,"column":12},"end":{"line":120,"column":13},"skip":true},"31":{"start":{"line":114,"column":16},"end":{"line":119,"column":17},"skip":true},"32":{"start":{"line":116,"column":20},"end":{"line":116,"column":78},"skip":true},"33":{"start":{"line":118,"column":20},"end":{"line":118,"column":47},"skip":true},"34":{"start":{"line":123,"column":8},"end":{"line":141,"column":11},"skip":true},"35":{"start":{"line":124,"column":12},"end":{"line":124,"column":54},"skip":true},"36":{"start":{"line":125,"column":12},"end":{"line":140,"column":14},"skip":true},"37":{"start":{"line":126,"column":16},"end":{"line":126,"column":28},"skip":true},"38":{"start":{"line":127,"column":16},"end":{"line":127,"column":69},"skip":true},"39":{"start":{"line":128,"column":16},"end":{"line":128,"column":75},"skip":true},"40":{"start":{"line":129,"column":16},"end":{"line":131,"column":17},"skip":true},"41":{"start":{"line":130,"column":20},"end":{"line":130,"column":27},"skip":true},"42":{"start":{"line":133,"column":16},"end":{"line":137,"column":36},"skip":true},"43":{"start":{"line":134,"column":20},"end":{"line":136,"column":55},"skip":true},"44":{"start":{"line":139,"column":16},"end":{"line":139,"column":57},"skip":true},"45":{"start":{"line":143,"column":8},"end":{"line":147,"column":11},"skip":true},"46":{"start":{"line":144,"column":12},"end":{"line":146,"column":15},"skip":true},"47":{"start":{"line":145,"column":16},"end":{"line":145,"column":70},"skip":true},"48":{"start":{"line":149,"column":8},"end":{"line":149,"column":31},"skip":true},"49":{"start":{"line":150,"column":8},"end":{"line":150,"column":14},"skip":true},"50":{"start":{"line":158,"column":8},"end":{"line":158,"column":31},"skip":true},"51":{"start":{"line":160,"column":8},"end":{"line":160,"column":33},"skip":true},"52":{"start":{"line":161,"column":8},"end":{"line":161,"column":37},"skip":true},"53":{"start":{"line":162,"column":8},"end":{"line":162,"column":35},"skip":true},"54":{"start":{"line":164,"column":8},"end":{"line":164,"column":50},"skip":true},"55":{"start":{"line":166,"column":8},"end":{"line":256,"column":2},"skip":true},"56":{"start":{"line":258,"column":8},"end":{"line":286,"column":9},"skip":true},"57":{"start":{"line":259,"column":12},"end":{"line":269,"column":14},"skip":true},"58":{"start":{"line":271,"column":12},"end":{"line":285,"column":19},"skip":true},"59":{"start":{"line":274,"column":20},"end":{"line":274,"column":35},"skip":true},"60":{"start":{"line":275,"column":20},"end":{"line":284,"column":21},"skip":true},"61":{"start":{"line":277,"column":24},"end":{"line":277,"column":64},"skip":true},"62":{"start":{"line":279,"column":24},"end":{"line":279,"column":40},"skip":true},"63":{"start":{"line":281,"column":24},"end":{"line":281,"column":40},"skip":true},"64":{"start":{"line":283,"column":24},"end":{"line":283,"column":39},"skip":true},"65":{"start":{"line":288,"column":8},"end":{"line":290,"column":9},"skip":true},"66":{"start":{"line":289,"column":12},"end":{"line":289,"column":18},"skip":true},"67":{"start":{"line":291,"column":8},"end":{"line":293,"column":54},"skip":true},"68":{"start":{"line":296,"column":8},"end":{"line":301,"column":37},"skip":true},"69":{"start":{"line":303,"column":8},"end":{"line":303,"column":82},"skip":true},"70":{"start":{"line":306,"column":8},"end":{"line":308,"column":9},"skip":true},"71":{"start":{"line":307,"column":12},"end":{"line":307,"column":82},"skip":true},"72":{"start":{"line":310,"column":8},"end":{"line":312,"column":9},"skip":true},"73":{"start":{"line":311,"column":12},"end":{"line":311,"column":18},"skip":true},"74":{"start":{"line":313,"column":8},"end":{"line":313,"column":54},"skip":true},"75":{"start":{"line":314,"column":8},"end":{"line":314,"column":69},"skip":true},"76":{"start":{"line":315,"column":8},"end":{"line":323,"column":36},"skip":true},"77":{"start":{"line":316,"column":12},"end":{"line":316,"column":61},"skip":true},"78":{"start":{"line":317,"column":12},"end":{"line":320,"column":13},"skip":true},"79":{"start":{"line":318,"column":16},"end":{"line":318,"column":75},"skip":true},"80":{"start":{"line":319,"column":16},"end":{"line":319,"column":23},"skip":true},"81":{"start":{"line":321,"column":12},"end":{"line":321,"column":38},"skip":true},"82":{"start":{"line":322,"column":12},"end":{"line":322,"column":27},"skip":true},"83":{"start":{"line":324,"column":8},"end":{"line":324,"column":14},"skip":true}},"branchMap":{"1":{"line":39,"type":"binary-expr","locations":[{"start":{"line":39,"column":23},"end":{"line":39,"column":62}},{"start":{"line":40,"column":20},"end":{"line":40,"column":70}},{"start":{"line":41,"column":20},"end":{"line":41,"column":71}},{"start":{"line":42,"column":20},"end":{"line":42,"column":29}}]},"2":{"line":44,"type":"binary-expr","locations":[{"start":{"line":44,"column":23},"end":{"line":44,"column":37}},{"start":{"line":45,"column":20},"end":{"line":45,"column":61}},{"start":{"line":46,"column":20},"end":{"line":46,"column":70}},{"start":{"line":47,"column":20},"end":{"line":47,"column":26}}]},"3":{"line":51,"type":"cond-expr","locations":[{"start":{"line":52,"column":14},"end":{"line":52,"column":20}},{"start":{"line":53,"column":14},"end":{"line":53,"column":20}}]},"4":{"line":55,"type":"binary-expr","locations":[{"start":{"line":55,"column":16},"end":{"line":55,"column":44}},{"start":{"line":55,"column":49},"end":{"line":57,"column":43}}]},"5":{"line":55,"type":"cond-expr","locations":[{"start":{"line":56,"column":14},"end":{"line":56,"column":51}},{"start":{"line":57,"column":14},"end":{"line":57,"column":43}}]},"6":{"line":61,"type":"switch","locations":[{"start":{"line":68,"column":4},"end":{"line":150,"column":14},"skip":true},{"start":{"line":156,"column":4},"end":{"line":324,"column":14},"skip":true}]},"7":{"line":70,"type":"if","locations":[{"start":{"line":70,"column":12},"end":{"line":70,"column":12},"skip":true},{"start":{"line":70,"column":12},"end":{"line":70,"column":12},"skip":true}]},"8":{"line":70,"type":"binary-expr","locations":[{"start":{"line":70,"column":16},"end":{"line":70,"column":22},"skip":true},{"start":{"line":70,"column":27},"end":{"line":70,"column":32},"skip":true},{"start":{"line":71,"column":20},"end":{"line":71,"column":39},"skip":true},{"start":{"line":72,"column":20},"end":{"line":72,"column":49},"skip":true},{"start":{"line":73,"column":20},"end":{"line":73,"column":58},"skip":true},{"start":{"line":74,"column":20},"end":{"line":74,"column":69},"skip":true}]},"9":{"line":79,"type":"switch","locations":[{"start":{"line":80,"column":20},"end":{"line":80,"column":33},"skip":true},{"start":{"line":81,"column":20},"end":{"line":83,"column":30},"skip":true},{"start":{"line":84,"column":20},"end":{"line":85,"column":49},"skip":true}]},"10":{"line":89,"type":"switch","locations":[{"start":{"line":90,"column":12},"end":{"line":103,"column":22},"skip":true},{"start":{"line":105,"column":12},"end":{"line":106,"column":22},"skip":true}]},"11":{"line":89,"type":"binary-expr","locations":[{"start":{"line":89,"column":20},"end":{"line":89,"column":25},"skip":true},{"start":{"line":89,"column":29},"end":{"line":89,"column":48},"skip":true},{"start":{"line":89,"column":52},"end":{"line":89,"column":74},"skip":true}]},"12":{"line":92,"type":"if","locations":[{"start":{"line":92,"column":16},"end":{"line":92,"column":16},"skip":true},{"start":{"line":92,"column":16},"end":{"line":92,"column":16},"skip":true}]},"13":{"line":108,"type":"if","locations":[{"start":{"line":108,"column":12},"end":{"line":108,"column":12},"skip":true},{"start":{"line":108,"column":12},"end":{"line":108,"column":12},"skip":true}]},"14":{"line":108,"type":"binary-expr","locations":[{"start":{"line":108,"column":16},"end":{"line":108,"column":61},"skip":true},{"start":{"line":108,"column":66},"end":{"line":108,"column":72},"skip":true},{"start":{"line":108,"column":77},"end":{"line":108,"column":82},"skip":true},{"start":{"line":109,"column":20},"end":{"line":109,"column":39},"skip":true},{"start":{"line":110,"column":20},"end":{"line":110,"column":49},"skip":true},{"start":{"line":111,"column":20},"end":{"line":111,"column":58},"skip":true},{"start":{"line":112,"column":20},"end":{"line":112,"column":68},"skip":true}]},"15":{"line":129,"type":"if","locations":[{"start":{"line":129,"column":16},"end":{"line":129,"column":16},"skip":true},{"start":{"line":129,"column":16},"end":{"line":129,"column":16},"skip":true}]},"16":{"line":134,"type":"cond-expr","locations":[{"start":{"line":135,"column":26},"end":{"line":135,"column":29},"skip":true},{"start":{"line":136,"column":26},"end":{"line":136,"column":54},"skip":true}]},"17":{"line":164,"type":"binary-expr","locations":[{"start":{"line":164,"column":27},"end":{"line":164,"column":43},"skip":true},{"start":{"line":164,"column":47},"end":{"line":164,"column":49},"skip":true}]},"18":{"line":258,"type":"if","locations":[{"start":{"line":258,"column":8},"end":{"line":258,"column":8},"skip":true},{"start":{"line":258,"column":8},"end":{"line":258,"column":8},"skip":true}]},"19":{"line":275,"type":"switch","locations":[{"start":{"line":276,"column":20},"end":{"line":277,"column":64},"skip":true},{"start":{"line":278,"column":20},"end":{"line":279,"column":40},"skip":true},{"start":{"line":280,"column":20},"end":{"line":281,"column":40},"skip":true},{"start":{"line":282,"column":20},"end":{"line":283,"column":39},"skip":true}]},"20":{"line":288,"type":"if","locations":[{"start":{"line":288,"column":8},"end":{"line":288,"column":8},"skip":true},{"start":{"line":288,"column":8},"end":{"line":288,"column":8},"skip":true}]},"21":{"line":288,"type":"binary-expr","locations":[{"start":{"line":288,"column":12},"end":{"line":288,"column":40},"skip":true},{"start":{"line":288,"column":44},"end":{"line":288,"column":67},"skip":true}]},"22":{"line":292,"type":"binary-expr","locations":[{"start":{"line":292,"column":12},"end":{"line":292,"column":50},"skip":true},{"start":{"line":293,"column":12},"end":{"line":293,"column":53},"skip":true}]},"23":{"line":297,"type":"binary-expr","locations":[{"start":{"line":297,"column":12},"end":{"line":297,"column":65},"skip":true},{"start":{"line":298,"column":12},"end":{"line":301,"column":36},"skip":true}]},"24":{"line":303,"type":"binary-expr","locations":[{"start":{"line":303,"column":43},"end":{"line":303,"column":75},"skip":true},{"start":{"line":303,"column":79},"end":{"line":303,"column":81},"skip":true}]},"25":{"line":306,"type":"if","locations":[{"start":{"line":306,"column":8},"end":{"line":306,"column":8},"skip":true},{"start":{"line":306,"column":8},"end":{"line":306,"column":8},"skip":true}]},"26":{"line":310,"type":"if","locations":[{"start":{"line":310,"column":8},"end":{"line":310,"column":8},"skip":true},{"start":{"line":310,"column":8},"end":{"line":310,"column":8},"skip":true}]},"27":{"line":313,"type":"binary-expr","locations":[{"start":{"line":313,"column":27},"end":{"line":313,"column":43},"skip":true},{"start":{"line":313,"column":47},"end":{"line":313,"column":53},"skip":true}]},"28":{"line":317,"type":"if","locations":[{"start":{"line":317,"column":12},"end":{"line":317,"column":12},"skip":true},{"start":{"line":317,"column":12},"end":{"line":317,"column":12},"skip":true}]}},"code":["/*","example.js","","quickstart example","","instruction","    1. save this script as example.js","    2. run the shell command:","        $ npm install npmtest-zerorpc && PORT=8081 node example.js","    3. play with the browser-demo on http://127.0.0.1:8081","*/","","","","/* istanbul instrument in package npmtest_zerorpc */","/*jslint","    bitwise: true,","    browser: true,","    maxerr: 8,","    maxlen: 96,","    node: true,","    nomen: true,","    regexp: true,","    stupid: true","*/","(function () {","    'use strict';","    var local;","","","","    // run shared js-env code - pre-init","    (function () {","        // init local","        local = {};","        // init modeJs","        local.modeJs = (function () {","            try {","                return typeof navigator.userAgent === 'string' &&","                    typeof document.querySelector('body') === 'object' &&","                    typeof XMLHttpRequest.prototype.open === 'function' &&","                    'browser';","            } catch (errorCaughtBrowser) {","                return module.exports &&","                    typeof process.versions.node === 'string' &&","                    typeof require('http').createServer === 'function' &&","                    'node';","            }","        }());","        // init global","        local.global = local.modeJs === 'browser'","            ? window","            : global;","        // init utility2_rollup","        local = local.global.utility2_rollup || (local.modeJs === 'browser'","            ? local.global.utility2_npmtest_zerorpc","            : global.utility2_moduleExports);","        // export local","        local.global.local = local;","    }());","    switch (local.modeJs) {","","","","    // post-init","    // run browser js-env code - post-init","    /* istanbul ignore next */","    case 'browser':","        local.testRunBrowser = function (event) {","            if (!event || (event &&","                    event.currentTarget &&","                    event.currentTarget.className &&","                    event.currentTarget.className.includes &&","                    event.currentTarget.className.includes('onreset'))) {","                // reset output","                Array.from(","                    document.querySelectorAll('body > .resettable')","                ).forEach(function (element) {","                    switch (element.tagName) {","                    case 'INPUT':","                    case 'TEXTAREA':","                        element.value = '';","                        break;","                    default:","                        element.textContent = '';","                    }","                });","            }","            switch (event && event.currentTarget && event.currentTarget.id) {","            case 'testRunButton1':","                // show tests","                if (document.querySelector('#testReportDiv1').style.display === 'none') {","                    document.querySelector('#testReportDiv1').style.display = 'block';","                    document.querySelector('#testRunButton1').textContent =","                        'hide internal test';","                    local.modeTest = true;","                    local.testRunDefault(local);","                // hide tests","                } else {","                    document.querySelector('#testReportDiv1').style.display = 'none';","                    document.querySelector('#testRunButton1').textContent = 'run internal test';","                }","                break;","            // custom-case","            default:","                break;","            }","            if (document.querySelector('#inputTextareaEval1') && (!event || (event &&","                    event.currentTarget &&","                    event.currentTarget.className &&","                    event.currentTarget.className.includes &&","                    event.currentTarget.className.includes('oneval')))) {","                // try to eval input-code","                try {","                    /*jslint evil: true*/","                    eval(document.querySelector('#inputTextareaEval1').value);","                } catch (errorCaught) {","                    console.error(errorCaught);","                }","            }","        };","        // log stderr and stdout to #outputTextareaStdout1","        ['error', 'log'].forEach(function (key) {","            console[key + '_original'] = console[key];","            console[key] = function () {","                var element;","                console[key + '_original'].apply(console, arguments);","                element = document.querySelector('#outputTextareaStdout1');","                if (!element) {","                    return;","                }","                // append text to #outputTextareaStdout1","                element.value += Array.from(arguments).map(function (arg) {","                    return typeof arg === 'string'","                        ? arg","                        : JSON.stringify(arg, null, 4);","                }).join(' ') + '\\n';","                // scroll textarea to bottom","                element.scrollTop = element.scrollHeight;","            };","        });","        // init event-handling","        ['change', 'click', 'keyup'].forEach(function (event) {","            Array.from(document.querySelectorAll('.on' + event)).forEach(function (element) {","                element.addEventListener(event, local.testRunBrowser);","            });","        });","        // run tests","        local.testRunBrowser();","        break;","","","","    // run node js-env code - post-init","    /* istanbul ignore next */","    case 'node':","        // export local","        module.exports = local;","        // require modules","        local.fs = require('fs');","        local.http = require('http');","        local.url = require('url');","        // init assets","        local.assetsDict = local.assetsDict || {};","        /* jslint-ignore-begin */","        local.assetsDict['/assets.index.template.html'] = '\\","<!doctype html>\\n\\","<html lang=\"en\">\\n\\","<head>\\n\\","<meta charset=\"UTF-8\">\\n\\","<meta name=\"viewport\" content=\"width=device-width, initial-scale=1\">\\n\\","<title>{{env.npm_package_name}} (v{{env.npm_package_version}})</title>\\n\\","<style>\\n\\","/*csslint\\n\\","    box-sizing: false,\\n\\","    universal-selector: false\\n\\","*/\\n\\","* {\\n\\","    box-sizing: border-box;\\n\\","}\\n\\","body {\\n\\","    background: #dde;\\n\\","    font-family: Arial, Helvetica, sans-serif;\\n\\","    margin: 2rem;\\n\\","}\\n\\","body > * {\\n\\","    margin-bottom: 1rem;\\n\\","}\\n\\",".utility2FooterDiv {\\n\\","    margin-top: 20px;\\n\\","    text-align: center;\\n\\","}\\n\\","</style>\\n\\","<style>\\n\\","/*csslint\\n\\","*/\\n\\","textarea {\\n\\","    font-family: monospace;\\n\\","    height: 10rem;\\n\\","    width: 100%;\\n\\","}\\n\\","textarea[readonly] {\\n\\","    background: #ddd;\\n\\","}\\n\\","</style>\\n\\","</head>\\n\\","<body>\\n\\","<!-- utility2-comment\\n\\","<div id=\"ajaxProgressDiv1\" style=\"background: #d00; height: 2px; left: 0; margin: 0; padding: 0; position: fixed; top: 0; transition: background 0.5s, width 1.5s; width: 25%;\"></div>\\n\\","utility2-comment -->\\n\\","<h1>\\n\\","<!-- utility2-comment\\n\\","    <a\\n\\","        {{#if env.npm_package_homepage}}\\n\\","        href=\"{{env.npm_package_homepage}}\"\\n\\","        {{/if env.npm_package_homepage}}\\n\\","        target=\"_blank\"\\n\\","    >\\n\\","utility2-comment -->\\n\\","        {{env.npm_package_name}} (v{{env.npm_package_version}})\\n\\","<!-- utility2-comment\\n\\","    </a>\\n\\","utility2-comment -->\\n\\","</h1>\\n\\","<h3>{{env.npm_package_description}}</h3>\\n\\","<!-- utility2-comment\\n\\","<h4><a download href=\"assets.app.js\">download standalone app</a></h4>\\n\\","<button class=\"onclick onreset\" id=\"testRunButton1\">run internal test</button><br>\\n\\","<div id=\"testReportDiv1\" style=\"display: none;\"></div>\\n\\","utility2-comment -->\\n\\","\\n\\","\\n\\","\\n\\","<label>stderr and stdout</label>\\n\\","<textarea class=\"resettable\" id=\"outputTextareaStdout1\" readonly></textarea>\\n\\","<!-- utility2-comment\\n\\","{{#if isRollup}}\\n\\","<script src=\"assets.app.js\"></script>\\n\\","{{#unless isRollup}}\\n\\","utility2-comment -->\\n\\","<script src=\"assets.utility2.rollup.js\"></script>\\n\\","<script src=\"jsonp.utility2._stateInit?callback=window.utility2._stateInit\"></script>\\n\\","<script src=\"assets.npmtest_zerorpc.rollup.js\"></script>\\n\\","<script src=\"assets.example.js\"></script>\\n\\","<script src=\"assets.test.js\"></script>\\n\\","<!-- utility2-comment\\n\\","{{/if isRollup}}\\n\\","utility2-comment -->\\n\\","<div class=\"utility2FooterDiv\">\\n\\","    [ this app was created with\\n\\","    <a href=\"https://github.com/kaizhu256/node-utility2\" target=\"_blank\">utility2</a>\\n\\","    ]\\n\\","</div>\\n\\","</body>\\n\\","</html>\\n\\","';","        /* jslint-ignore-end */","        if (local.templateRender) {","            local.assetsDict['/'] = local.templateRender(","                local.assetsDict['/assets.index.template.html'],","                {","                    env: local.objectSetDefault(local.env, {","                        npm_package_description: 'the greatest app in the world!',","                        npm_package_name: 'my-app',","                        npm_package_nameAlias: 'my_app',","                        npm_package_version: '0.0.1'","                    })","                }","            );","        } else {","            local.assetsDict['/'] = local.assetsDict['/assets.index.template.html']","                .replace((/\\{\\{env\\.(\\w+?)\\}\\}/g), function (match0, match1) {","                    // jslint-hack","                    String(match0);","                    switch (match1) {","                    case 'npm_package_description':","                        return 'the greatest app in the world!';","                    case 'npm_package_name':","                        return 'my-app';","                    case 'npm_package_nameAlias':","                        return 'my_app';","                    case 'npm_package_version':","                        return '0.0.1';","                    }","                });","        }","        // run the cli","        if (local.global.utility2_rollup || module !== require.main) {","            break;","        }","        local.assetsDict['/assets.example.js'] =","            local.assetsDict['/assets.example.js'] ||","            local.fs.readFileSync(__filename, 'utf8');","        // bug-workaround - long $npm_package_buildCustomOrg","        /* jslint-ignore-begin */","        local.assetsDict['/assets.npmtest_zerorpc.rollup.js'] =","            local.assetsDict['/assets.npmtest_zerorpc.rollup.js'] ||","            local.fs.readFileSync(","                local.npmtest_zerorpc.__dirname + '/lib.npmtest_zerorpc.js',","                'utf8'","            ).replace((/^#!/), '//');","        /* jslint-ignore-end */","        local.assetsDict['/favicon.ico'] = local.assetsDict['/favicon.ico'] || '';","        // if $npm_config_timeout_exit exists,","        // then exit this process after $npm_config_timeout_exit ms","        if (Number(process.env.npm_config_timeout_exit)) {","            setTimeout(process.exit, Number(process.env.npm_config_timeout_exit));","        }","        // start server","        if (local.global.utility2_serverHttp1) {","            break;","        }","        process.env.PORT = process.env.PORT || '8081';","        console.error('server starting on port ' + process.env.PORT);","        local.http.createServer(function (request, response) {","            request.urlParsed = local.url.parse(request.url);","            if (local.assetsDict[request.urlParsed.pathname] !== undefined) {","                response.end(local.assetsDict[request.urlParsed.pathname]);","                return;","            }","            response.statusCode = 404;","            response.end();","        }).listen(process.env.PORT);","        break;","    }","}());",""],"l":{"26":2,"28":2,"33":2,"35":2,"37":2,"38":2,"39":2,"44":1,"51":2,"55":2,"59":2,"61":2,"69":1,"70":2,"76":2,"79":2,"82":2,"83":2,"85":1,"89":2,"92":1,"93":1,"94":1,"96":1,"97":1,"100":1,"101":1,"103":1,"106":1,"108":2,"114":1,"116":1,"118":1,"123":1,"124":2,"125":2,"126":3,"127":3,"128":3,"129":3,"130":1,"133":3,"134":3,"139":3,"143":1,"144":3,"145":1,"149":1,"150":1,"158":1,"160":1,"161":1,"162":1,"164":1,"166":1,"258":1,"259":1,"271":1,"274":6,"275":6,"277":1,"279":2,"281":1,"283":2,"288":1,"289":1,"291":1,"296":1,"303":1,"306":1,"307":1,"310":1,"311":1,"313":1,"314":1,"315":1,"316":1,"317":1,"318":1,"319":1,"321":1,"322":1,"324":1}},"/home/travis/build/npmtest/node-npmtest-zerorpc/node_modules/zerorpc/index.js":{"path":"/home/travis/build/npmtest/node-npmtest-zerorpc/node_modules/zerorpc/index.js","s":{"1":2,"2":0,"3":0},"b":{},"f":{},"fnMap":{},"statementMap":{"1":{"start":{"line":24,"column":0},"end":{"line":25,"column":37}},"2":{"start":{"line":27,"column":0},"end":{"line":27,"column":31}},"3":{"start":{"line":28,"column":0},"end":{"line":28,"column":31}}},"branchMap":{},"code":["// Open Source Initiative OSI - The MIT License (MIT):Licensing","//","// The MIT License (MIT)","// Copyright (c) 2015 François-Xavier Bourlet (bombela+zerorpc@gmail.com)","//","// Permission is hereby granted, free of charge, to any person obtaining a","// copy of this software and associated documentation files (the \"Software\"),","// to deal in the Software without restriction, including without limitation","// the rights to use, copy, modify, merge, publish, distribute, sublicense,","// and/or sell copies of the Software, and to permit persons to whom the","// Software is furnished to do so, subject to the following conditions:","//","// The above copyright notice and this permission notice shall be included in","// all copies or substantial portions of the Software.","//","// THE SOFTWARE IS PROVIDED \"AS IS\", WITHOUT WARRANTY OF ANY KIND, EXPRESS OR","// IMPLIED, INCLUDING BUT NOT LIMITED TO THE WARRANTIES OF MERCHANTABILITY,","// FITNESS FOR A PARTICULAR PURPOSE AND NONINFRINGEMENT. IN NO EVENT SHALL THE","// AUTHORS OR COPYRIGHT HOLDERS BE LIABLE FOR ANY CLAIM, DAMAGES OR OTHER","// LIABILITY, WHETHER IN AN ACTION OF CONTRACT, TORT OR OTHERWISE, ARISING","// FROM, OUT OF OR IN CONNECTION WITH THE SOFTWARE OR THE USE OR OTHER","// DEALINGS IN THE SOFTWARE.","","var server = require(\"./lib/server\"),","    client = require(\"./lib/client\");","","exports.Server = server.Server;","exports.Client = client.Client;"],"l":{"24":2,"27":0,"28":0}},"/home/travis/build/npmtest/node-npmtest-zerorpc/node_modules/zerorpc/lib/server.js":{"path":"/home/travis/build/npmtest/node-npmtest-zerorpc/node_modules/zerorpc/lib/server.js","s":{"1":4,"2":0,"3":1,"4":0,"5":0,"6":0,"7":0,"8":0,"9":0,"10":0,"11":1,"12":0,"13":0,"14":0,"15":0,"16":0,"17":1,"18":0,"19":0,"20":0,"21":0,"22":0,"23":0,"24":0,"25":0,"26":0,"27":0,"28":0,"29":0,"30":0,"31":0,"32":0,"33":0,"34":0,"35":0,"36":0,"37":0,"38":0,"39":0,"40":0,"41":0,"42":0,"43":0,"44":0,"45":0,"46":0,"47":0,"48":0,"49":0,"50":0,"51":0,"52":0,"53":0,"54":0,"55":0,"56":0,"57":0,"58":0,"59":0,"60":0,"61":0,"62":0,"63":0,"64":0,"65":0,"66":0,"67":0,"68":0,"69":0,"70":0,"71":0,"72":0,"73":0,"74":0,"75":0,"76":0,"77":0,"78":0,"79":0,"80":0,"81":0,"82":0,"83":0},"b":{"1":[0,0],"2":[0,0],"3":[0,0],"4":[0,0],"5":[0,0],"6":[0,0],"7":[0,0],"8":[0,0],"9":[0,0],"10":[0,0],"11":[0,0],"12":[0,0],"13":[0,0],"14":[0,0],"15":[0,0],"16":[0,0],"17":[0,0],"18":[0,0]},"f":{"1":0,"2":0,"3":0,"4":0,"5":0,"6":0,"7":0,"8":0,"9":0,"10":0,"11":0,"12":0,"13":0,"14":0,"15":0,"16":0,"17":0},"fnMap":{"1":{"name":"getArguments","line":39,"loc":{"start":{"line":39,"column":0},"end":{"line":39,"column":27}}},"2":{"name":"publicMethods","line":59,"loc":{"start":{"line":59,"column":0},"end":{"line":59,"column":32}}},"3":{"name":"Server","line":75,"loc":{"start":{"line":75,"column":0},"end":{"line":75,"column":36}}},"4":{"name":"(anonymous_4)","line":85,"loc":{"start":{"line":85,"column":28},"end":{"line":85,"column":44}}},"5":{"name":"(anonymous_5)","line":93,"loc":{"start":{"line":93,"column":51},"end":{"line":93,"column":67}}},"6":{"name":"(anonymous_6)","line":101,"loc":{"start":{"line":101,"column":39},"end":{"line":101,"column":61}}},"7":{"name":"(anonymous_7)","line":112,"loc":{"start":{"line":112,"column":45},"end":{"line":112,"column":59}}},"8":{"name":"(anonymous_8)","line":118,"loc":{"start":{"line":118,"column":11},"end":{"line":118,"column":27}}},"9":{"name":"(anonymous_9)","line":128,"loc":{"start":{"line":128,"column":25},"end":{"line":128,"column":50}}},"10":{"name":"(anonymous_10)","line":134,"loc":{"start":{"line":134,"column":20},"end":{"line":134,"column":36}}},"11":{"name":"(anonymous_11)","line":141,"loc":{"start":{"line":141,"column":28},"end":{"line":141,"column":44}}},"12":{"name":"(anonymous_12)","line":146,"loc":{"start":{"line":146,"column":29},"end":{"line":146,"column":45}}},"13":{"name":"(anonymous_13)","line":152,"loc":{"start":{"line":152,"column":17},"end":{"line":152,"column":45}}},"14":{"name":"(anonymous_14)","line":198,"loc":{"start":{"line":198,"column":24},"end":{"line":198,"column":43}}},"15":{"name":"(anonymous_15)","line":205,"loc":{"start":{"line":205,"column":27},"end":{"line":205,"column":46}}},"16":{"name":"(anonymous_16)","line":210,"loc":{"start":{"line":210,"column":25},"end":{"line":210,"column":36}}},"17":{"name":"(anonymous_17)","line":214,"loc":{"start":{"line":214,"column":26},"end":{"line":214,"column":37}}}},"statementMap":{"1":{"start":{"line":24,"column":0},"end":{"line":29,"column":41}},"2":{"start":{"line":32,"column":0},"end":{"line":32,"column":29}},"3":{"start":{"line":39,"column":0},"end":{"line":51,"column":1}},"4":{"start":{"line":40,"column":4},"end":{"line":40,"column":48}},"5":{"start":{"line":41,"column":4},"end":{"line":41,"column":53}},"6":{"start":{"line":42,"column":4},"end":{"line":42,"column":20}},"7":{"start":{"line":44,"column":4},"end":{"line":44,"column":87}},"8":{"start":{"line":45,"column":4},"end":{"line":45,"column":59}},"9":{"start":{"line":48,"column":4},"end":{"line":48,"column":15}},"10":{"start":{"line":50,"column":4},"end":{"line":50,"column":16}},"11":{"start":{"line":59,"column":0},"end":{"line":70,"column":1}},"12":{"start":{"line":60,"column":4},"end":{"line":60,"column":21}},"13":{"start":{"line":63,"column":4},"end":{"line":67,"column":5}},"14":{"start":{"line":64,"column":8},"end":{"line":66,"column":9}},"15":{"start":{"line":65,"column":12},"end":{"line":65,"column":56}},"16":{"start":{"line":69,"column":4},"end":{"line":69,"column":19}},"17":{"start":{"line":75,"column":0},"end":{"line":96,"column":1}},"18":{"start":{"line":76,"column":4},"end":{"line":76,"column":20}},"19":{"start":{"line":77,"column":4},"end":{"line":77,"column":51}},"20":{"start":{"line":80,"column":4},"end":{"line":80,"column":44}},"21":{"start":{"line":81,"column":4},"end":{"line":81,"column":49}},"22":{"start":{"line":83,"column":4},"end":{"line":83,"column":43}},"23":{"start":{"line":85,"column":4},"end":{"line":85,"column":74}},"24":{"start":{"line":85,"column":46},"end":{"line":85,"column":71}},"25":{"start":{"line":86,"column":4},"end":{"line":86,"column":37}},"26":{"start":{"line":88,"column":4},"end":{"line":88,"column":86}},"27":{"start":{"line":90,"column":4},"end":{"line":90,"column":44}},"28":{"start":{"line":91,"column":4},"end":{"line":91,"column":64}},"29":{"start":{"line":93,"column":4},"end":{"line":95,"column":7}},"30":{"start":{"line":94,"column":8},"end":{"line":94,"column":67}},"31":{"start":{"line":94,"column":40},"end":{"line":94,"column":67}},"32":{"start":{"line":98,"column":0},"end":{"line":98,"column":47}},"33":{"start":{"line":101,"column":0},"end":{"line":121,"column":1}},"34":{"start":{"line":102,"column":4},"end":{"line":102,"column":21}},"35":{"start":{"line":103,"column":4},"end":{"line":103,"column":58}},"36":{"start":{"line":105,"column":4},"end":{"line":116,"column":5}},"37":{"start":{"line":106,"column":2},"end":{"line":108,"column":3}},"38":{"start":{"line":107,"column":3},"end":{"line":107,"column":12}},"39":{"start":{"line":109,"column":8},"end":{"line":115,"column":10}},"40":{"start":{"line":113,"column":16},"end":{"line":113,"column":37}},"41":{"start":{"line":118,"column":4},"end":{"line":120,"column":6}},"42":{"start":{"line":119,"column":8},"end":{"line":119,"column":29}},"43":{"start":{"line":128,"column":0},"end":{"line":193,"column":1}},"44":{"start":{"line":129,"column":4},"end":{"line":129,"column":20}},"45":{"start":{"line":130,"column":4},"end":{"line":130,"column":45}},"46":{"start":{"line":131,"column":4},"end":{"line":131,"column":23}},"47":{"start":{"line":134,"column":4},"end":{"line":138,"column":6}},"48":{"start":{"line":135,"column":8},"end":{"line":135,"column":71}},"49":{"start":{"line":136,"column":8},"end":{"line":136,"column":29}},"50":{"start":{"line":137,"column":8},"end":{"line":137,"column":19}},"51":{"start":{"line":141,"column":4},"end":{"line":143,"column":7}},"52":{"start":{"line":142,"column":8},"end":{"line":142,"column":34}},"53":{"start":{"line":146,"column":4},"end":{"line":148,"column":7}},"54":{"start":{"line":147,"column":8},"end":{"line":147,"column":34}},"55":{"start":{"line":152,"column":4},"end":{"line":176,"column":6}},"56":{"start":{"line":153,"column":8},"end":{"line":153,"column":29}},"57":{"start":{"line":155,"column":8},"end":{"line":173,"column":9}},"58":{"start":{"line":157,"column":12},"end":{"line":157,"column":76}},"59":{"start":{"line":159,"column":12},"end":{"line":167,"column":13}},"60":{"start":{"line":162,"column":16},"end":{"line":162,"column":38}},"61":{"start":{"line":163,"column":19},"end":{"line":167,"column":13}},"62":{"start":{"line":166,"column":16},"end":{"line":166,"column":40}},"63":{"start":{"line":169,"column":12},"end":{"line":172,"column":13}},"64":{"start":{"line":170,"column":16},"end":{"line":170,"column":56}},"65":{"start":{"line":170,"column":29},"end":{"line":170,"column":56}},"66":{"start":{"line":171,"column":16},"end":{"line":171,"column":27}},"67":{"start":{"line":175,"column":8},"end":{"line":175,"column":24}},"68":{"start":{"line":179,"column":4},"end":{"line":182,"column":5}},"69":{"start":{"line":180,"column":8},"end":{"line":180,"column":54}},"70":{"start":{"line":181,"column":8},"end":{"line":181,"column":26}},"71":{"start":{"line":185,"column":4},"end":{"line":185,"column":28}},"72":{"start":{"line":188,"column":4},"end":{"line":192,"column":5}},"73":{"start":{"line":189,"column":8},"end":{"line":189,"column":55}},"74":{"start":{"line":191,"column":8},"end":{"line":191,"column":21}},"75":{"start":{"line":198,"column":0},"end":{"line":200,"column":2}},"76":{"start":{"line":199,"column":4},"end":{"line":199,"column":32}},"77":{"start":{"line":205,"column":0},"end":{"line":207,"column":2}},"78":{"start":{"line":206,"column":4},"end":{"line":206,"column":35}},"79":{"start":{"line":210,"column":0},"end":{"line":212,"column":2}},"80":{"start":{"line":211,"column":4},"end":{"line":211,"column":25}},"81":{"start":{"line":214,"column":0},"end":{"line":216,"column":2}},"82":{"start":{"line":215,"column":1},"end":{"line":215,"column":30}},"83":{"start":{"line":218,"column":0},"end":{"line":218,"column":24}}},"branchMap":{"1":{"line":45,"type":"cond-expr","locations":[{"start":{"line":45,"column":48},"end":{"line":45,"column":50}},{"start":{"line":45,"column":53},"end":{"line":45,"column":58}}]},"2":{"line":45,"type":"binary-expr","locations":[{"start":{"line":45,"column":15},"end":{"line":45,"column":32}},{"start":{"line":45,"column":36},"end":{"line":45,"column":45}}]},"3":{"line":64,"type":"if","locations":[{"start":{"line":64,"column":8},"end":{"line":64,"column":8}},{"start":{"line":64,"column":8},"end":{"line":64,"column":8}}]},"4":{"line":64,"type":"binary-expr","locations":[{"start":{"line":64,"column":11},"end":{"line":64,"column":27}},{"start":{"line":64,"column":31},"end":{"line":64,"column":66}}]},"5":{"line":77,"type":"binary-expr","locations":[{"start":{"line":77,"column":20},"end":{"line":77,"column":29}},{"start":{"line":77,"column":33},"end":{"line":77,"column":50}}]},"6":{"line":88,"type":"binary-expr","locations":[{"start":{"line":88,"column":48},"end":{"line":88,"column":72}},{"start":{"line":88,"column":76},"end":{"line":88,"column":84}}]},"7":{"line":94,"type":"if","locations":[{"start":{"line":94,"column":8},"end":{"line":94,"column":8}},{"start":{"line":94,"column":8},"end":{"line":94,"column":8}}]},"8":{"line":106,"type":"if","locations":[{"start":{"line":106,"column":2},"end":{"line":106,"column":2}},{"start":{"line":106,"column":2},"end":{"line":106,"column":2}}]},"9":{"line":135,"type":"binary-expr","locations":[{"start":{"line":135,"column":20},"end":{"line":135,"column":30}},{"start":{"line":135,"column":34},"end":{"line":135,"column":41}}]},"10":{"line":153,"type":"binary-expr","locations":[{"start":{"line":153,"column":15},"end":{"line":153,"column":19}},{"start":{"line":153,"column":23},"end":{"line":153,"column":28}}]},"11":{"line":155,"type":"if","locations":[{"start":{"line":155,"column":8},"end":{"line":155,"column":8}},{"start":{"line":155,"column":8},"end":{"line":155,"column":8}}]},"12":{"line":157,"type":"cond-expr","locations":[{"start":{"line":157,"column":50},"end":{"line":157,"column":66}},{"start":{"line":157,"column":69},"end":{"line":157,"column":74}}]},"13":{"line":159,"type":"if","locations":[{"start":{"line":159,"column":12},"end":{"line":159,"column":12}},{"start":{"line":159,"column":12},"end":{"line":159,"column":12}}]},"14":{"line":159,"type":"binary-expr","locations":[{"start":{"line":159,"column":15},"end":{"line":159,"column":22}},{"start":{"line":159,"column":26},"end":{"line":159,"column":31}}]},"15":{"line":163,"type":"if","locations":[{"start":{"line":163,"column":19},"end":{"line":163,"column":19}},{"start":{"line":163,"column":19},"end":{"line":163,"column":19}}]},"16":{"line":169,"type":"if","locations":[{"start":{"line":169,"column":12},"end":{"line":169,"column":12}},{"start":{"line":169,"column":12},"end":{"line":169,"column":12}}]},"17":{"line":170,"type":"if","locations":[{"start":{"line":170,"column":16},"end":{"line":170,"column":16}},{"start":{"line":170,"column":16},"end":{"line":170,"column":16}}]},"18":{"line":179,"type":"if","locations":[{"start":{"line":179,"column":4},"end":{"line":179,"column":4}},{"start":{"line":179,"column":4},"end":{"line":179,"column":4}}]}},"code":["// Open Source Initiative OSI - The MIT License (MIT):Licensing","//","// The MIT License (MIT)","// Copyright (c) 2015 François-Xavier Bourlet (bombela+zerorpc@gmail.com)","//","// Permission is hereby granted, free of charge, to any person obtaining a","// copy of this software and associated documentation files (the \"Software\"),","// to deal in the Software without restriction, including without limitation","// the rights to use, copy, modify, merge, publish, distribute, sublicense,","// and/or sell copies of the Software, and to permit persons to whom the","// Software is furnished to do so, subject to the following conditions:","//","// The above copyright notice and this permission notice shall be included in","// all copies or substantial portions of the Software.","//","// THE SOFTWARE IS PROVIDED \"AS IS\", WITHOUT WARRANTY OF ANY KIND, EXPRESS OR","// IMPLIED, INCLUDING BUT NOT LIMITED TO THE WARRANTIES OF MERCHANTABILITY,","// FITNESS FOR A PARTICULAR PURPOSE AND NONINFRINGEMENT. IN NO EVENT SHALL THE","// AUTHORS OR COPYRIGHT HOLDERS BE LIABLE FOR ANY CLAIM, DAMAGES OR OTHER","// LIABILITY, WHETHER IN AN ACTION OF CONTRACT, TORT OR OTHERWISE, ARISING","// FROM, OUT OF OR IN CONNECTION WITH THE SOFTWARE OR THE USE OR OTHER","// DEALINGS IN THE SOFTWARE.","","var socket = require(\"./socket\"),","    _ = require(\"underscore\"),","    nodeUtil = require(\"util\"),","    events = require(\"events\"),","    util = require(\"./util\"),","    middleware = require(\"./middleware\");","","// Heartbeat rate in ms","var DEFAULT_HEARTBEAT = 5000;","","//Gets the arguments associated with a function as an array","//fun : Function","//      The function to get the arguments from.","//return : Array of Strings","//      The function's arguments","function getArguments(fun) {","    var m1 = /^[\\s\\(]*function[^(]*\\(([^)]*)\\)/;","    var m2 = /\\/\\/.*?[\\r\\n]|\\/\\*(?:.|[\\r\\n])*?\\*\\//g;","    var m3 = /\\s+/g;","","    var names = fun.toString().match(m1)[1].replace(m2, '').replace(m3, '').split(',');","    var args = names.length == 1 && !names[0] ? [] : names;","","    //Remove the last argument from the args becase it is the callback","    args.pop();","","    return args;","}","","//Extracts the public methods (and their arguments) of a context.","//context : Object","//      The object to be exposed","//return : Object of String => Array","//      A map where they key is the method name and the value are the method","//      arguments, not including the callback argument.","function publicMethods(context) {","    var methods = {};","","    //Ignore members that start with an underscore or are not functions","    for(var name in context) {","        if(!/^_/.test(name) && typeof(context[name]) == 'function') {","            methods[name] = getArguments(context[name]);","        }","    }","","    return methods;","}","","// Creates a new server","// context : Object","//      The object to expose","function Server(context, heartbeat) {","    var self = this;","    var heartbeat = heartbeat || DEFAULT_HEARTBEAT;","","","    self._socket = socket.server(heartbeat);","    util.eventProxy(self._socket, self, \"error\");","","    self._methods = publicMethods(context);","","    context._zerorpc_ping = function(reply) { reply(null, [\"pong\",\"\"]); };","    self._methods._zerorpc_ping = [];","","    var newInspector = self._createIntrospector(context.constructor.name || \"Object\");","","    context._zerorpc_inspect = newInspector;","    self._methods._zerorpc_inspect = getArguments(newInspector);","","    self._socket.on(\"multiplexing-socket/receive\", function(event) {","        if(event.name in self._methods) self._recv(event, context);","    });","}","","nodeUtil.inherits(Server, events.EventEmitter);","","//Creates the new-school introspector","Server.prototype._createIntrospector = function(contextName) {","    var methods = {};","    var results = { name: contextName, methods: methods };","","    for(var name in this._methods) {","\t\tif (name.indexOf('_') === 0) {","\t\t\tcontinue;","\t\t}","        methods[name] = {","            doc: \"\",","","            args: _.map(this._methods[name], function(arg) {","                return { name: arg };","            })","        };","    }","","    return function(reply) {","        reply(null, results);  ","    };","}","","//Called when a method call event is received","//event : Object","//      The ZeroRPC event","//context : Object","//      The object to expose.","Server.prototype._recv = function(event, context) {","    var self = this;","    var ch = self._socket.openChannel(event);","    var isFirst = true;","","    //Sends an error","    var sendError = function(error) {","        var args = [error.name || \"Error\", error.message, error.stack];","        ch.send(\"ERR\", args);","        ch.close();","    };","","    //Listen for protocol errors - this should never happen","    ch.on(\"protocol-error\", function(error) {","        self.emit(\"error\", error);","    });","","    //Listen for heartbeat errors","    ch.on(\"heartbeat-error\", function(error) {","        self.emit(\"error\", error);","    });","","    //This is passed to RPC methods to call when they finish, or have a stream","    //update","    var result = function(error, item, more) {","        more = more || false;","","        if(error) {","            //Create an error object if we were passed a string","            sendError(typeof(error) == 'string' ? new Error(error) : error);","        } else {","            if(isFirst && !more) {","                //Wrap item in an array for backwards compatibility issues","                //with ZeroRPC","                ch.send(\"OK\", [item]);","            } else if(item !== undefined) {","                //Stream is a newer method that does not require item to be","                //wrapped in an array","                ch.send(\"STREAM\", item);","            }","","            if(!more) {","                if(!isFirst) ch.send(\"STREAM_DONE\", []);","                ch.close();","            }","        }","        ","        isFirst = false;","    };","","    //The arguments should be an array","    if(!(event.args instanceof Array)) {","        self.emit(\"error\", \"Invalid event: Bad args\");","        return ch.close();","    }","","    //Call the method","    event.args.push(result);","    ","    //Catch any errors and send them back to the client","    try {","        context[event.name].apply(context, event.args);","    } catch(e) {","        sendError(e);","    }","}","","//Binds to a ZeroMQ endpoint","//endpoint : String","//      The ZeroMQ endpoint","Server.prototype.bind = function(endpoint) {","    this._socket.bind(endpoint);","};","","//Connects to a ZeroMQ endpoint","//endpoint : String","//      The ZeroMQ endpoint","Server.prototype.connect = function(endpoint) {","    this._socket.connect(endpoint);","};","","//Closes the server","Server.prototype.close = function() {","    this._socket.close();","};","","Server.prototype.closed = function() {","\treturn this._socket.closed();","};","","exports.Server = Server;",""],"l":{"24":4,"32":0,"39":1,"40":0,"41":0,"42":0,"44":0,"45":0,"48":0,"50":0,"59":1,"60":0,"63":0,"64":0,"65":0,"69":0,"75":1,"76":0,"77":0,"80":0,"81":0,"83":0,"85":0,"86":0,"88":0,"90":0,"91":0,"93":0,"94":0,"98":0,"101":0,"102":0,"103":0,"105":0,"106":0,"107":0,"109":0,"113":0,"118":0,"119":0,"128":0,"129":0,"130":0,"131":0,"134":0,"135":0,"136":0,"137":0,"141":0,"142":0,"146":0,"147":0,"152":0,"153":0,"155":0,"157":0,"159":0,"162":0,"163":0,"166":0,"169":0,"170":0,"171":0,"175":0,"179":0,"180":0,"181":0,"185":0,"188":0,"189":0,"191":0,"198":0,"199":0,"205":0,"206":0,"210":0,"211":0,"214":0,"215":0,"218":0}},"/home/travis/build/npmtest/node-npmtest-zerorpc/node_modules/zerorpc/lib/socket.js":{"path":"/home/travis/build/npmtest/node-npmtest-zerorpc/node_modules/zerorpc/lib/socket.js","s":{"1":8,"2":0,"3":1,"4":0,"5":0,"6":0,"7":0,"8":0,"9":0,"10":0,"11":0,"12":0,"13":0,"14":0,"15":0,"16":0,"17":0,"18":0,"19":0,"20":0,"21":0,"22":0,"23":0,"24":0,"25":1,"26":0,"27":0,"28":0,"29":0,"30":0,"31":0,"32":0,"33":0,"34":0,"35":0,"36":0,"37":0,"38":0,"39":0,"40":0,"41":0,"42":0,"43":0,"44":0,"45":0,"46":0,"47":0,"48":0,"49":0,"50":0,"51":0,"52":0,"53":0,"54":0,"55":1,"56":0,"57":1,"58":0,"59":0,"60":0},"b":{"1":[0,0],"2":[0,0],"3":[0,0],"4":[0,0],"5":[0,0],"6":[0,0]},"f":{"1":0,"2":0,"3":0,"4":0,"5":0,"6":0,"7":0,"8":0,"9":0,"10":0,"11":0,"12":0,"13":0,"14":0},"fnMap":{"1":{"name":"Socket","line":37,"loc":{"start":{"line":37,"column":0},"end":{"line":37,"column":27}}},"2":{"name":"(anonymous_2)","line":42,"loc":{"start":{"line":42,"column":16},"end":{"line":42,"column":34}}},"3":{"name":"(anonymous_3)","line":46,"loc":{"start":{"line":46,"column":34},"end":{"line":46,"column":45}}},"4":{"name":"(anonymous_4)","line":70,"loc":{"start":{"line":70,"column":24},"end":{"line":70,"column":40}}},"5":{"name":"(anonymous_5)","line":78,"loc":{"start":{"line":78,"column":24},"end":{"line":78,"column":43}}},"6":{"name":"(anonymous_6)","line":85,"loc":{"start":{"line":85,"column":27},"end":{"line":85,"column":46}}},"7":{"name":"MultiplexingSocket","line":92,"loc":{"start":{"line":92,"column":0},"end":{"line":92,"column":50}}},"8":{"name":"(anonymous_8)","line":102,"loc":{"start":{"line":102,"column":30},"end":{"line":102,"column":46}}},"9":{"name":"(anonymous_9)","line":119,"loc":{"start":{"line":119,"column":43},"end":{"line":119,"column":62}}},"10":{"name":"(anonymous_10)","line":131,"loc":{"start":{"line":131,"column":37},"end":{"line":131,"column":54}}},"11":{"name":"(anonymous_11)","line":144,"loc":{"start":{"line":144,"column":38},"end":{"line":144,"column":49}}},"12":{"name":"(anonymous_12)","line":148,"loc":{"start":{"line":148,"column":42},"end":{"line":148,"column":60}}},"13":{"name":"server","line":152,"loc":{"start":{"line":152,"column":0},"end":{"line":152,"column":27}}},"14":{"name":"client","line":157,"loc":{"start":{"line":157,"column":0},"end":{"line":157,"column":27}}}},"statementMap":{"1":{"start":{"line":24,"column":0},"end":{"line":29,"column":35}},"2":{"start":{"line":32,"column":0},"end":{"line":32,"column":27}},"3":{"start":{"line":37,"column":0},"end":{"line":63,"column":1}},"4":{"start":{"line":38,"column":4},"end":{"line":38,"column":20}},"5":{"start":{"line":39,"column":4},"end":{"line":39,"column":32}},"6":{"start":{"line":40,"column":4},"end":{"line":40,"column":52}},"7":{"start":{"line":42,"column":4},"end":{"line":44,"column":6}},"8":{"start":{"line":43,"column":8},"end":{"line":43,"column":36}},"9":{"start":{"line":46,"column":4},"end":{"line":62,"column":7}},"10":{"start":{"line":48,"column":8},"end":{"line":50,"column":9}},"11":{"start":{"line":49,"column":12},"end":{"line":49,"column":98}},"12":{"start":{"line":52,"column":8},"end":{"line":52,"column":86}},"13":{"start":{"line":54,"column":8},"end":{"line":58,"column":9}},"14":{"start":{"line":55,"column":12},"end":{"line":55,"column":86}},"15":{"start":{"line":57,"column":12},"end":{"line":57,"column":48}},"16":{"start":{"line":61,"column":8},"end":{"line":61,"column":43}},"17":{"start":{"line":65,"column":0},"end":{"line":65,"column":51}},"18":{"start":{"line":70,"column":0},"end":{"line":73,"column":2}},"19":{"start":{"line":71,"column":4},"end":{"line":71,"column":42}},"20":{"start":{"line":72,"column":4},"end":{"line":72,"column":56}},"21":{"start":{"line":78,"column":0},"end":{"line":80,"column":1}},"22":{"start":{"line":79,"column":4},"end":{"line":79,"column":39}},"23":{"start":{"line":85,"column":0},"end":{"line":87,"column":1}},"24":{"start":{"line":86,"column":4},"end":{"line":86,"column":38}},"25":{"start":{"line":92,"column":0},"end":{"line":111,"column":1}},"26":{"start":{"line":93,"column":4},"end":{"line":93,"column":33}},"27":{"start":{"line":94,"column":4},"end":{"line":94,"column":20}},"28":{"start":{"line":97,"column":4},"end":{"line":97,"column":23}},"29":{"start":{"line":98,"column":4},"end":{"line":98,"column":40}},"30":{"start":{"line":99,"column":1},"end":{"line":99,"column":22}},"31":{"start":{"line":102,"column":4},"end":{"line":110,"column":7}},"32":{"start":{"line":103,"column":8},"end":{"line":103,"column":63}},"33":{"start":{"line":105,"column":8},"end":{"line":109,"column":9}},"34":{"start":{"line":106,"column":12},"end":{"line":106,"column":29}},"35":{"start":{"line":108,"column":12},"end":{"line":108,"column":60}},"36":{"start":{"line":113,"column":0},"end":{"line":113,"column":46}},"37":{"start":{"line":119,"column":0},"end":{"line":128,"column":2}},"38":{"start":{"line":120,"column":4},"end":{"line":124,"column":5}},"39":{"start":{"line":121,"column":8},"end":{"line":121,"column":102}},"40":{"start":{"line":123,"column":8},"end":{"line":123,"column":92}},"41":{"start":{"line":126,"column":4},"end":{"line":126,"column":30}},"42":{"start":{"line":127,"column":4},"end":{"line":127,"column":14}},"43":{"start":{"line":131,"column":0},"end":{"line":142,"column":2}},"44":{"start":{"line":132,"column":1},"end":{"line":134,"column":2}},"45":{"start":{"line":133,"column":2},"end":{"line":133,"column":39}},"46":{"start":{"line":135,"column":4},"end":{"line":137,"column":5}},"47":{"start":{"line":136,"column":8},"end":{"line":136,"column":63}},"48":{"start":{"line":139,"column":4},"end":{"line":139,"column":28}},"49":{"start":{"line":140,"column":4},"end":{"line":140,"column":61}},"50":{"start":{"line":140,"column":33},"end":{"line":140,"column":61}},"51":{"start":{"line":141,"column":1},"end":{"line":141,"column":21}},"52":{"start":{"line":144,"column":0},"end":{"line":146,"column":2}},"53":{"start":{"line":145,"column":1},"end":{"line":145,"column":21}},"54":{"start":{"line":148,"column":0},"end":{"line":149,"column":2}},"55":{"start":{"line":152,"column":0},"end":{"line":154,"column":1}},"56":{"start":{"line":153,"column":4},"end":{"line":153,"column":65}},"57":{"start":{"line":157,"column":0},"end":{"line":159,"column":1}},"58":{"start":{"line":158,"column":4},"end":{"line":158,"column":65}},"59":{"start":{"line":161,"column":0},"end":{"line":161,"column":24}},"60":{"start":{"line":162,"column":0},"end":{"line":162,"column":24}}},"branchMap":{"1":{"line":48,"type":"if","locations":[{"start":{"line":48,"column":8},"end":{"line":48,"column":8}},{"start":{"line":48,"column":8},"end":{"line":48,"column":8}}]},"2":{"line":103,"type":"binary-expr","locations":[{"start":{"line":103,"column":31},"end":{"line":103,"column":55}},{"start":{"line":103,"column":59},"end":{"line":103,"column":61}}]},"3":{"line":105,"type":"if","locations":[{"start":{"line":105,"column":8},"end":{"line":105,"column":8}},{"start":{"line":105,"column":8},"end":{"line":105,"column":8}}]},"4":{"line":120,"type":"if","locations":[{"start":{"line":120,"column":4},"end":{"line":120,"column":4}},{"start":{"line":120,"column":4},"end":{"line":120,"column":4}}]},"5":{"line":132,"type":"if","locations":[{"start":{"line":132,"column":1},"end":{"line":132,"column":1}},{"start":{"line":132,"column":1},"end":{"line":132,"column":1}}]},"6":{"line":135,"type":"if","locations":[{"start":{"line":135,"column":4},"end":{"line":135,"column":4}},{"start":{"line":135,"column":4},"end":{"line":135,"column":4}}]}},"code":["// Open Source Initiative OSI - The MIT License (MIT):Licensing","//","// The MIT License (MIT)","// Copyright (c) 2015 François-Xavier Bourlet (bombela+zerorpc@gmail.com)","//","// Permission is hereby granted, free of charge, to any person obtaining a","// copy of this software and associated documentation files (the \"Software\"),","// to deal in the Software without restriction, including without limitation","// the rights to use, copy, modify, merge, publish, distribute, sublicense,","// and/or sell copies of the Software, and to permit persons to whom the","// Software is furnished to do so, subject to the following conditions:","//","// The above copyright notice and this permission notice shall be included in","// all copies or substantial portions of the Software.","//","// THE SOFTWARE IS PROVIDED \"AS IS\", WITHOUT WARRANTY OF ANY KIND, EXPRESS OR","// IMPLIED, INC
[...]
var counter = uuidCounter++;","    //Just in the case user sends over 281 trillion messages?","    if(uuidCounter > 0xFFFFFFFFFFFF) uuidCounter = 0;","    return uuidBase + (\"000000000000\" + counter.toString(16)).slice(-12);","}","","exports.serialize = serialize;","exports.deserialize = deserialize;","exports.create = create;","exports.fastUUID = fastUUID;"],"l":{"24":1,"33":1,"34":0,"35":0,"37":0,"38":0,"41":0,"42":0,"43":0,"53":1,"54":0,"56":0,"57":0,"58":0,"59":0,"60":0,"61":0,"64":0,"78":1,"79":0,"87":1,"88":1,"90":1,"91":0,"93":0,"94":0,"97":1,"98":1,"99":1,"100":1}},"/home/travis/build/npmtest/node-npmtest-zerorpc/node_modules/zerorpc/lib/client.js":{"path":"/home/travis/build/npmtest/node-npmtest-zerorpc/node_modules/zerorpc/lib/client.js","s":{"1":2,"2":0,"3":0,"4":1,"5":0,"6":0,"7":0,"8":0,"9":0,"10":0,"11":0,"12":0,"13":0,"14":0,"15":0,"16":0,"17":0,"18":0,"19":0,"20":0,"21":0,"22":0,"23":0,"24":0,"25":0,"26":0,"27":0,"28":0,"29":0,"30":0,"31":0,"32":0,"33":0,"34":0,"35":0,"36":0,"37":0,"38":0,"39":0,"40":0,"41":0,"42":0,"43":0,"44":0,"45":0,"46":0,"47":0,"48":0,"49":0,"50":0,"51":0,"52":0,"53":0,"54":0,"55":0,"56":0,"57":0,"58":0,"59":0,"60":0,"61":0,"62":0},"b":{"1":[0,0],"2":[0,0],"3":[0,0],"4":[0,0],"5":[0,0],"6":[0,0],"7":[0,0],"8":[0,0],"9":[0,0],"10":[0,0],"11":[0,0],"12":[0,0],"13":[0,0]},"f":{"1":0,"2":0,"3":0,"4":0,"5":0,"6":0,"7":0,"8":0,"9":0,"10":0,"11":0,"12":0,"13":0,"14":0,"15":0},"fnMap":{"1":{"name":"Client","line":43,"loc":{"start":{"line":43,"column":0},"end":{"line":43,"column":25}}},"2":{"name":"(anonymous_2)","line":57,"loc":{"start":{"line":57,"column":24},"end":{"line":57,"column":43}}},"3":{"name":"(anonymous_3)","line":64,"loc":{"start":{"line":64,"column":27},"end":{"line":64,"column":46}}},"4":{"name":"(anonymous_4)","line":69,"loc":{"start":{"line":69,"column":25},"end":{"line":69,"column":42}}},"5":{"name":"(anonymous_5)","line":73,"loc":{"start":{"line":73,"column":26},"end":{"line":73,"column":37}}},"6":{"name":"(anonymous_6)","line":86,"loc":{"start":{"line":86,"column":26},"end":{"line":86,"column":80}}},"7":{"name":"(anonymous_7)","line":89,"loc":{"start":{"line":89,"column":67},"end":{"line":89,"column":78}}},"8":{"name":"(anonymous_8)","line":103,"loc":{"start":{"line":103,"column":31},"end":{"line":103,"column":47}}},"9":{"name":"(anonymous_9)","line":116,"loc":{"start":{"line":116,"column":15},"end":{"line":116,"column":31}}},"10":{"name":"(anonymous_10)","line":126,"loc":{"start":{"line":126,"column":14},"end":{"line":126,"column":30}}},"11":{"name":"(anonymous_11)","line":131,"loc":{"start":{"line":131,"column":18},"end":{"line":131,"column":34}}},"12":{"name":"(anonymous_12)","line":135,"loc":{"start":{"line":135,"column":23},"end":{"line":135,"column":34}}},"13":{"name":"(anonymous_13)","line":141,"loc":{"start":{"line":141,"column":16},"end":{"line":141,"column":32}}},"14":{"name":"(anonymous_14)","line":156,"loc":{"start":{"line":156,"column":28},"end":{"line":156,"column":44}}},"15":{"name":"(anonymous_15)","line":162,"loc":{"start":{"line":162,"column":29},"end":{"line":162,"column":45}}}},"statementMap":{"1":{"start":{"line":24,"column":0},"end":{"line":29,"column":41}},"2":{"start":{"line":31,"column":0},"end":{"line":31,"column":25}},"3":{"start":{"line":34,"column":0},"end":{"line":34,"column":29}},"4":{"start":{"line":43,"column":0},"end":{"line":50,"column":1}},"5":{"start":{"line":44,"column":4},"end":{"line":44,"column":28}},"6":{"start":{"line":45,"column":4},"end":{"line":45,"column":67}},"7":{"start":{"line":46,"column":4},"end":{"line":46,"column":55}},"8":{"start":{"line":47,"column":1},"end":{"line":47,"column":41}},"9":{"start":{"line":49,"column":1},"end":{"line":49,"column":46}},"10":{"start":{"line":52,"column":0},"end":{"line":52,"column":47}},"11":{"start":{"line":57,"column":0},"end":{"line":59,"column":2}},"12":{"start":{"line":58,"column":4},"end":{"line":58,"column":32}},"13":{"start":{"line":64,"column":0},"end":{"line":66,"column":2}},"14":{"start":{"line":65,"column":4},"end":{"line":65,"column":35}},"15":{"start":{"line":69,"column":0},"end":{"line":71,"column":2}},"16":{"start":{"line":70,"column":4},"end":{"line":70,"column":31}},"17":{"start":{"line":73,"column":0},"end":{"line":75,"column":2}},"18":{"start":{"line":74,"column":4},"end":{"line":74,"column":33}},"19":{"start":{"line":86,"column":0},"end":{"line":168,"column":2}},"20":{"start":{"line":87,"column":4},"end":{"line":87,"column":20}},"21":{"start":{"line":88,"column":4},"end":{"line":88,"column":75}},"22":{"start":{"line":89,"column":4},"end":{"line":89,"column":81}},"23":{"start":{"line":90,"column":4},"end":{"line":92,"column":18}},"24":{"start":{"line":93,"column":4},"end":{"line":93,"column":19}},"25":{"start":{"line":94,"column":4},"end":{"line":97,"column":5}},"26":{"start":{"line":95,"column":8},"end":{"line":95,"column":30}},"27":{"start":{"line":96,"column":8},"end":{"line":96,"column":19}},"28":{"start":{"line":98,"column":4},"end":{"line":99,"column":67}},"29":{"start":{"line":101,"column":4},"end":{"line":101,"column":30}},"30":{"start":{"line":103,"column":4},"end":{"line":108,"column":6}},"31":{"start":{"line":104,"column":8},"end":{"line":107,"column":9}},"32":{"start":{"line":105,"column":12},"end":{"line":105,"column":46}},"33":{"start":{"line":106,"column":12},"end":{"line":106,"column":33}},"34":{"start":{"line":110,"column":4},"end":{"line":110,"column":40}},"35":{"start":{"line":111,"column":4},"end":{"line":111,"column":76}},"36":{"start":{"line":112,"column":4},"end":{"line":112,"column":68}},"37":{"start":{"line":115,"column":4},"end":{"line":139,"column":6}},"38":{"start":{"line":117,"column":12},"end":{"line":119,"column":13}},"39":{"start":{"line":118,"column":16},"end":{"line":118,"column":70}},"40":{"start":{"line":121,"column":12},"end":{"line":121,"column":94}},"41":{"start":{"line":122,"column":12},"end":{"line":122,"column":40}},"42":{"start":{"line":123,"column":12},"end":{"line":123,"column":23}},"43":{"start":{"line":127,"column":12},"end":{"line":127,"column":54}},"44":{"start":{"line":128,"column":12},"end":{"line":128,"column":23}},"45":{"start":{"line":132,"column":12},"end":{"line":132,"column":50}},"46":{"start":{"line":136,"column":12},"end":{"line":136,"column":50}},"47":{"start":{"line":137,"column":12},"end":{"line":137,"column":23}},"48":{"start":{"line":141,"column":4},"end":{"line":153,"column":7}},"49":{"start":{"line":142,"column":8},"end":{"line":142,"column":43}},"50":{"start":{"line":144,"column":8},"end":{"line":152,"column":9}},"51":{"start":{"line":145,"column":12},"end":{"line":145,"column":27}},"52":{"start":{"line":149,"column":12},"end":{"line":149,"column":103}},"53":{"start":{"line":150,"column":12},"end":{"line":150,"column":40}},"54":{"start":{"line":151,"column":12},"end":{"line":151,"column":23}},"55":{"start":{"line":156,"column":4},"end":{"line":159,"column":7}},"56":{"start":{"line":157,"column":8},"end":{"line":157,"column":69}},"57":{"start":{"line":158,"column":8},"end":{"line":158,"column":36}},"58":{"start":{"line":162,"column":4},"end":{"line":165,"column":7}},"59":{"start":{"line":163,"column":8},"end":{"line":163,"column":70}},"60":{"start":{"line":164,"column":8},"end":{"line":164,"column":36}},"61":{"start":{"line":167,"column":4},"end":{"line":167,"column":26}},"62":{"start":{"line":170,"column":0},"end":{"line":170,"column":24}}},"branchMap":{"1":{"line":44,"type":"binary-expr","locations":[{"start":{"line":44,"column":14},"end":{"line":44,"column":21}},{"start":{"line":44,"column":25},"end":{"line":44,"column":27}}]},"2":{"line":45,"type":"binary-expr","locations":[{"start":{"line":45,"column":20},"end":{"line":45,"column":45}},{"start":{"line":45,"column":49},"end":{"line":45,"column":66}}]},"3":{"line":46,"type":"binary-expr","locations":[{"start":{"line":46,"column":20},"end":{"line":46,"column":35}},{"start":{"line":46,"column":39},"end":{"line":46,"column":54}}]},"4":{"line":89,"type":"cond-expr","locations":[{"start":{"line":89,"column":33},"end":{"line":89,"column":64}},{"start":{"line":89,"column":67},"end":{"line":89,"column":80}}]},"5":{"line":90,"type":"cond-expr","locations":[{"start":{"line":91,"column":8},"end":{"line":91,"column":14}},{"start":{"line":92,"column":8},"end":{"line":92,"column":17}}]},"6":{"line":94,"type":"if","locations":[{"start":{"line":94,"column":4},"end":{"line":94,"column":4}},{"start":{"line":94,"column":4},"end":{"line":94,"column":4}}]},"7":{"line":99,"type":"cond-expr","locations":[{"start":{"line":99,"column":26},"end":{"line":99,"column":46}},{"start":{"line":99,"column":49},"end":{"line":99,"column":65}}]},"8":{"line":104,"type":"if","locations":[{"start":{"line":104,"column":8},"end":{"line":104,"column":8}},{"start":{"line":104,"column":8},"end":{"line":104,"column":8}}]},"9":{"line":111,"type":"binary-expr","locations":[{"start":{"line":111,"column":18},"end":{"line":111,"column":58}},{"start":{"line":111,"column":62},"end":{"line":111,"column":75}}]},"10":{"line":111,"type":"binary-expr","locations":[{"start":{"line":111,"column":27},"end":{"line":111,"column":34}},{"start":{"line":111,"column":38},"end":{"line":111,"column":53}}]},"11":{"line":117,"type":"if","locations":[{"start":{"line":117,"column":12},"end":{"line":117,"column":12}},{"start":{"line":117,"column":12},"end":{"line":117,"column":12}}]},"12":{"line":117,"type":"binary-expr","locations":[{"start":{"line":117,"column":15},"end":{"line":117,"column":45}},{"start":{"line":117,"column":49},"end":{"line":117,"column":71}}]},"13":{"line":144,"type":"if","locations":[{"start":{"line":144,"column":8},"end":{"line":144,"column":8}},{"start":{"line":144,"column":8},"end":{"line":144,"column":8}}]}},"code":["// Open Source Initiative OSI - The MIT License (MIT):Licensing","//","// The MIT License (MIT)","// Copyright (c) 2015 François-Xavier Bourlet (bombela+zerorpc@gmail.com)","//","// Permission is hereby granted, free of charge, to any person obtaining a","// copy of this software and associated documentation files (the \"Software\"),","// to deal in the Software without restriction, including without limitation","// the rights to use, copy, modify, merge, publish, distribute, sublicense,","// and/or sell copies of the Software, and to permit persons to whom the","// Software is furnished to do so, subject to the following conditions:","//","// The above copyright notice and this permission notice shall be included in","// all copies or substantial portions of the Software.","//","// THE SOFTWARE IS PROVIDED \"AS IS\", WITHOUT WARRANTY OF ANY KIND, EXPRESS OR","// IMPLIED, INCLUDING BUT NOT LIMITED TO THE WARRANTIES OF MERCHANTABILITY,","// FITNESS FOR A PARTICULAR PURPOSE AND NONINFRINGEMENT. IN NO EVENT SHALL THE","// AUTHORS OR COPYRIGHT HOLDERS BE LIABLE FOR ANY CLAIM, DAMAGES OR OTHER","// LIABILITY, WHETHER IN AN ACTION OF CONTRACT, TORT OR OTHERWISE, ARISING","// FROM, OUT OF OR IN CONNECTION WITH THE SOFTWARE OR THE USE OR OTHER","// DEALINGS IN THE SOFTWARE.","","var socket = require(\"./socket\"),","    _ = require(\"underscore\"),","    nodeUtil = require(\"util\"),","    events = require(\"events\"),","    util = require(\"./util\"),","    middleware = require(\"./middleware\");","","var DEFAULT_TIMEOUT = 30;","","//Heartbeat rate in milliseconds","var DEFAULT_HEARTBEAT = 5000;","","// Creates a new client","// options : Object","//      Options associated with the client. Allowed options:","//      * timeout (number): Seconds to wait for a response before it is","//        considered timed out (default 30s)","//      * heartbeatInterval (number): The heartbeat interval in ms.","//        (default 5000ms)","function Client(options) {","    options = options || {};","    var heartbeat = options.heartbeatInterval || DEFAULT_HEARTBEAT;","    this._timeout = options.timeout || DEFAULT_TIMEOUT;","\tthis._socket = socket.client(heartbeat);","","\tutil.eventProxy(this._socket, this, \"error\");","}","","nodeUtil.inherits(Client, events.EventEmitter);","","//Binds to a ZeroMQ endpoint","//endpoint : String","//      The ZeroMQ endpoint","Client.prototype.bind = function(endpoint) {","    this._socket.bind(endpoint);","};","","//Connects to a ZeroMQ endpoint","//endpoint : String","//      The ZeroMQ endpoint","Client.prototype.connect = function(endpoint) {","    this._socket.connect(endpoint);","};","","//Closes the client","Client.prototype.close = function(linger) {","    this._socket.close(linger);","};","","Client.prototype.closed = function() {","    return this._socket.closed();","};","","//Calls a remote method","//options: Object","//      Optional options object to override the constructor options (currently only timeout)","//method : String","//      The method name","//args... : Varargs","//      The arguments to send with the invocation","//callback : Function","//      The callback to call on an update","Client.prototype.invoke = function(/*options, */method /*, args..., callback*/) {","    var self = this;","    var hasCallback = typeof arguments[arguments.length - 1] == 'function';","    var callback = hasCallback ? arguments[arguments.length - 1] : function() {};","    var options = typeof method === 'object' ?","        method :","        undefined;","    var offset = 1;","    if (options === method) {","        method = arguments[1];","        offset = 2;","    }","    var args = Array.prototype.slice.call(arguments, offset,","            hasCallback ? arguments.length - 1 : arguments.length);","","    var alreadyCalled = false;","","    var callbackErrorWrapper = function(error) {","        if(alreadyCalled === false) {","            callback(error, undefined, false);","            alreadyCalled = true;","        }","    };","","    var ch = self._socket.openChannel();","    var timeout = parseInt(options && options.timeout, 10) || self._timeout;","    middleware.addTimeout(timeout * 1000, ch, callbackErrorWrapper);","","    //Associated callbacks to execute for various events","    var handlers = {","        \"ERR\": function(event) {","            if(!(event.args instanceof Array) || event.args.length != 3) {","                return self.emit(\"error\", \"Invalid event: Bad error\");","            }","","            var error = util.createErrorResponse(event.args[0], event.args[1], event.args[2]);","            callbackErrorWrapper(error);","            ch.close();","        },","","        \"OK\": function(event) {","            callback(undefined, event.args[0], false);","            ch.close();","        },","","        \"STREAM\": function(event) {","            callback(undefined, event.args, true);","        },","","        \"STREAM_DONE\": function() {","            callback(undefined, undefined, false);","            ch.close();","        }","    };","","    ch.register(function(event) {","        var handler = handlers[event.name];","","        if(handler) {","            handler(event);","        } else {","            //Send an error if the server sent a bad event - this should","            //never happen","            var error = util.createErrorResponse(\"ProtocolError\", \"Invalid event: Unknown event name\");","            callbackErrorWrapper(error);","            ch.close();","        }","    });","","    //Listen for protocol errors - this should never happen","    ch.on(\"protocol-error\", function(error) {","        var error = util.createErrorResponse(\"ProtocolError\", error);","        callbackErrorWrapper(error);","    });","","    //Listen for heartbeat errors","    ch.on(\"heartbeat-error\", function(error) {","        var error = util.createErrorResponse(\"HeartbeatError\", error);","        callbackErrorWrapper(error);","    });","","    ch.send(method, args);","};","","exports.Client = Client;",""],"l":{"24":2,"31":0,"34":0,"43":1,"44":0,"45":0,"46":0,"47":0,"49":0,"52":0,"57":0,"58":0,"64":0,"65":0,"69":0,"70":0,"73":0,"74":0,"86":0,"87":0,"88":0,"89":0,"90":0,"93":0,"94":0,"95":0,"96":0,"98":0,"101":0,"103":0,"104":0,"105":0,"106":0,"110":0,"111":0,"112":0,"115":0,"117":0,"118":0,"121":0,"122":0,"123":0,"127":0,"128":0,"132":0,"136":0,"137":0,"141":0,"142":0,"144":0,"145":0,"149":0,"150":0,"151":0,"156":0,"157":0,"158":0,"162":0,"163":0,"164":0,"167":0,"170":0}},"/home/travis/build/npmtest/node-npmtest-zerorpc/node_modules/zerorpc/lib/middleware.js":{"path":"/home/travis/build/npmtest/node-npmtest-zerorpc/node_modules/zerorpc/lib/middleware.js","s":{"1":1,"2":1,"3":0,"4":0,"5":0,"6":0,"7":0,"8":0,"9":0,"10":0,"11":0,"12":1},"b":{},"f":{"1":0,"2":0,"3":0,"4":0},"fnMap":{"1":{"name":"addTimeout","line":28,"loc":{"start":{"line":28,"column":0},"end":{"line":28,"column":48}}},"2":{"name":"(anonymous_2)","line":29,"loc":{"start":{"line":29,"column":28},"end":{"line":29,"column":39}}},"3":{"name":"(anonymous_3)","line":35,"loc":{"start":{"line":35,"column":21},"end":{"line":35,"column":43}}},"4":{"name":"(anonymous_4)","line":41,"loc":{"start":{"line":41,"column":25},"end":{"line":41,"column":36}}}},"statementMap":{"1":{"start":{"line":24,"column":0},"end":{"line":24,"column":29}},"2":{"start":{"line":28,"column":0},"end":{"line":44,"column":1}},"3":{"start":{"line":29,"column":4},"end":{"line":33,"column":16}},"4":{"start":{"line":30,"column":8},"end":{"line":30,"column":98}},"5":{"start":{"line":31,"column":8},"end":{"line":31,"column":24}},"6":{"start":{"line":32,"column":8},"end":{"line":32,"column":24}},"7":{"start":{"line":35,"column":4},"end":{"line":38,"column":7}},"8":{"start":{"line":36,"column":8},"end":{"line":36,"column":29}},"9":{"start":{"line":37,"column":8},"end":{"line":37,"column":15}},"10":{"start":{"line":41,"column":4},"end":{"line":43,"column":7}},"11":{"start":{"line":42,"column":8},"end":{"line":42,"column":29}},"12":{"start":{"line":46,"column":0},"end":{"line":46,"column":32}}},"branchMap":{},"code":["// Open Source Initiative OSI - The MIT License (MIT):Licensing","//","// The MIT License (MIT)","// Copyright (c) 2015 François-Xavier Bourlet (bombela+zerorpc@gmail.com)","//","// Permission is hereby granted, free of charge, to any person obtaining a","// copy of this software and associated documentation files (the \"Software\"),","// to deal in the Software without restriction, including without limitation","// the rights to use, copy, modify, merge, publish, distribute, sublicense,","// and/or sell copies of the Software, and to permit persons to whom the","// Software is furnished to do so, subject to the following conditions:","//","// The above copyright notice and this permission notice shall be included in","// all copies or substantial portions of the Software.","//","// THE SOFTWARE IS PROVIDED \"AS IS\", WITHOUT WARRANTY OF ANY KIND, EXPRESS OR","// IMPLIED, INCLUDING BUT NOT LIMITED TO THE WARRANTIES OF MERCHANTABILITY,","// FITNESS FOR A PARTICULAR PURPOSE AND NONINFRINGEMENT. IN NO EVENT SHALL THE","// AUTHORS OR COPYRIGHT HOLDERS BE LIABLE FOR ANY CLAIM, DAMAGES OR OTHER","// LIABILITY, WHETHER IN AN ACTION OF CONTRACT, TORT OR OTHERWISE, ARISING","// FROM, OUT OF OR IN CONNECTION WITH THE SOFTWARE OR THE USE OR OTHER","// DEALINGS IN THE SOFTWARE.","","var util = require(\"./util\");","","//Adds a timeout on a channel - if a response isn't received within a certain","//amount of time, we execute the callback with a timeout error.","function addTimeout(timeout, channel, callback) {","    var runner = setTimeout(function() {","        var error = util.createErrorResponse(\"TimeoutExpired\", \"Timeout after \" + timeout + \"ms\");","        callback(error);","        channel.close();","    }, timeout);","","    channel.register(function(event, next) {","        clearTimeout(runner);","        next();","    });","","    //Clear the timeout when the channel is closed","    channel.on(\"closed\", function() {","        clearTimeout(runner);","    });","}","","exports.addTimeout = addTimeout;",""],"l":{"24":1,"28":1,"29":0,"30":0,"31":0,"32":0,"35":0,"36":0,"37":0,"41":0,"42":0,"46":1}}}